{"logTime": "0717/031919", "correlationVector":"04NSXkNKhfE3w7sHyrk9Ey","action":"Commit Request", "result":"", "context":Item count: 2
Contributing types: Preferences, Sessions}
{"logTime": "0717/031920", "correlationVector":"04NSXkNKhfE3w7sHyrk9Ey.1","action":"SyncServerConnectionManagerRequest", "result":"SYNC_SERVER_OK", "context":{"environment":"Prod_WestUS_000v", "migrationStage":"MigrationComplete", "server":"GENERAL0200002P"}}
{"logTime": "0717/031920", "correlationVector":"04NSXkNKhfE3w7sHyrk9Ey.2","action":"Commit Response", "result":"Success", "context":Result: Success. cV=04NSXkNKhfE3w7sHyrk9Ey.0;server=GENERAL0200002P;cloudType=Consumer;environment=Prod_WestUS_000v;migrationStage=MigrationComplete}
{"logTime": "0717/031943", "correlationVector":"6CZBINa+fRhzJooQ3MzoYH","action":"Normal GetUpdate request", "result":"", "context":cV=6CZBINa+fRhzJooQ3MzoYH
Nudged types: Sessions
Refresh requested types: Bookmarks, Preferences, Passwords, Autofill Profiles, Autofill, Typed URLs, Extensions, Sessions, Extension settings, History Delete Directives, Device Info, User Consents, Send Tab To Self, Web Apps, Collection, Edge E Drop, Edge Hub App Usage, Edge Tab Group, Edge Wallet, Encryption Keys}
{"logTime": "0717/031944", "correlationVector":"6CZBINa+fRhzJooQ3MzoYH.1","action":"SyncServerConnectionManagerRequest", "result":"SYNC_SERVER_OK", "context":{"environment":"Prod_WestUS_000v", "migrationStage":"MigrationComplete", "server":"general0200000F"}}
{"logTime": "0717/031944", "correlationVector":"6CZBINa+fRhzJooQ3MzoYH.2","action":"GetUpdates", "result":"DeleteReceived", "context":{"id":"ae1b0e45-87e5-40ec-85d6-bcfe1858a142", "isDeleted:":"true", "version":"1721186099259"}}
{"logTime": "0717/031945", "correlationVector":"6CZBINa+fRhzJooQ3MzoYH.3","action":"GetUpdates Response", "result":"Success", "context":Received 8 update(s). cV=6CZBINa+fRhzJooQ3MzoYH.0;server=general0200000F;cloudType=Consumer;environment=Prod_WestUS_000v;migrationStage=MigrationComplete}
{"logTime": "0717/031945", "correlationVector":"H6Ug1zUjLYYgBfvcdaR+jK","action":"Commit Request", "result":"", "context":Item count: 1
Contributing types: Sessions}
{"logTime": "0717/031945", "correlationVector":"H6Ug1zUjLYYgBfvcdaR+jK.1","action":"SyncServerConnectionManagerRequest", "result":"SYNC_SERVER_OK", "context":{"environment":"Prod_WestUS_000v", "migrationStage":"NotStarted", "server":"GENERAL0200003N"}}
{"logTime": "0717/031945", "correlationVector":"H6Ug1zUjLYYgBfvcdaR+jK.2","action":"Commit Response", "result":"Success", "context":Result: Success. cV=H6Ug1zUjLYYgBfvcdaR+jK.0;server=GENERAL0200003N;cloudType=Consumer;environment=Prod_WestUS_000v;migrationStage=NotStarted}
{"logTime": "0717/032014", "correlationVector":"VVY1abq0LHGdXpQRnzy4zV","action":"Commit Request", "result":"", "context":Item count: 1
Contributing types: Sessions}
{"logTime": "0717/032015", "correlationVector":"VVY1abq0LHGdXpQRnzy4zV.1","action":"SyncServerConnectionManagerRequest", "result":"SYNC_SERVER_OK", "context":{"environment":"Prod_WestUS_000v", "migrationStage":"NotStarted", "server":"GENERAL0200000Q"}}
{"logTime": "0717/032015", "correlationVector":"VVY1abq0LHGdXpQRnzy4zV.2","action":"Commit Response", "result":"Success", "context":Result: Success. cV=VVY1abq0LHGdXpQRnzy4zV.0;server=GENERAL0200000Q;cloudType=Consumer;environment=Prod_WestUS_000v;migrationStage=NotStarted}
{"logTime": "0717/032259", "correlationVector":"mWl7jhGB8o+R5fxGHcm6vj","action":"Commit Request", "result":"", "context":Item count: 1
Contributing types: Sessions}
{"logTime": "0717/032300", "correlationVector":"mWl7jhGB8o+R5fxGHcm6vj.1","action":"SyncServerConnectionManagerRequest", "result":"SYNC_SERVER_OK", "context":{"environment":"Prod_WestUS_000v", "migrationStage":"NotStarted", "server":"GENERAL0200004E"}}
{"logTime": "0717/032300", "correlationVector":"mWl7jhGB8o+R5fxGHcm6vj.2","action":"Commit Response", "result":"Success", "context":Result: Success. cV=mWl7jhGB8o+R5fxGHcm6vj.0;server=GENERAL0200004E;cloudType=Consumer;environment=Prod_WestUS_000v;migrationStage=NotStarted}
{"logTime": "0717/032408", "correlationVector":"vJkO+c64Fcic09Q5vqWGdx","action":"Commit Request", "result":"", "context":Item count: 1
Contributing types: Sessions}
{"logTime": "0717/032409", "correlationVector":"vJkO+c64Fcic09Q5vqWGdx.1","action":"SyncServerConnectionManagerRequest", "result":"SYNC_SERVER_OK", "context":{"environment":"Prod_WestUS_000v", "migrationStage":"NotStarted", "server":"GENERAL0200002P"}}
{"logTime": "0717/032409", "correlationVector":"vJkO+c64Fcic09Q5vqWGdx.2","action":"Commit Response", "result":"Success", "context":Result: Success. cV=vJkO+c64Fcic09Q5vqWGdx.0;server=GENERAL0200002P;cloudType=Consumer;environment=Prod_WestUS_000v;migrationStage=NotStarted}
{"logTime": "0717/032614", "correlationVector":"AUFzNDr73ZH3FrI3T47BOQ","action":"Commit Request", "result":"", "context":Item count: 1
Contributing types: Sessions}
{"logTime": "0717/032614", "correlationVector":"AUFzNDr73ZH3FrI3T47BOQ.1","action":"SyncServerConnectionManagerRequest", "result":"SYNC_SERVER_OK", "context":{"environment":"Prod_WestUS_000v", "migrationStage":"NotStarted", "server":"GENERAL11000005"}}
{"logTime": "0717/032614", "correlationVector":"AUFzNDr73ZH3FrI3T47BOQ.2","action":"Commit Response", "result":"Success", "context":Result: Success. cV=AUFzNDr73ZH3FrI3T47BOQ.0;server=GENERAL11000005;cloudType=Consumer;environment=Prod_WestUS_000v;migrationStage=NotStarted}
{"logTime": "0717/032656", "correlationVector":"ttVWNspF0NB2angwWOAYTx","action":"Commit Request", "result":"", "context":Item count: 1
Contributing types: Sessions}
{"logTime": "0717/032657", "correlationVector":"ttVWNspF0NB2angwWOAYTx.1","action":"SyncServerConnectionManagerRequest", "result":"SYNC_SERVER_OK", "context":{"environment":"Prod_WestUS_000v", "migrationStage":"NotStarted", "server":"GENERAL02000022"}}
{"logTime": "0717/032657", "correlationVector":"ttVWNspF0NB2angwWOAYTx.2","action":"Commit Response", "result":"Success", "context":Result: Success. cV=ttVWNspF0NB2angwWOAYTx.0;server=GENERAL02000022;cloudType=Consumer;environment=Prod_WestUS_000v;migrationStage=NotStarted}
{"logTime": "0717/032801", "correlationVector":"fVm/4tmxeqxRES+32yU3pY","action":"Commit Request", "result":"", "context":Item count: 1
Contributing types: Sessions}
{"logTime": "0717/032801", "correlationVector":"fVm/4tmxeqxRES+32yU3pY.1","action":"SyncServerConnectionManagerRequest", "result":"SYNC_SERVER_OK", "context":{"environment":"Prod_WestUS_000v", "migrationStage":"NotStarted", "server":"GENERAL0200004E"}}
{"logTime": "0717/032801", "correlationVector":"fVm/4tmxeqxRES+32yU3pY.2","action":"Commit Response", "result":"Success", "context":Result: Success. cV=fVm/4tmxeqxRES+32yU3pY.0;server=GENERAL0200004E;cloudType=Consumer;environment=Prod_WestUS_000v;migrationStage=NotStarted}
{"logTime": "0717/032840", "correlationVector":"CaZk/rm7DQcmth6tt7/tyB","action":"Commit Request", "result":"", "context":Item count: 1
Contributing types: Sessions}
{"logTime": "0717/032841", "correlationVector":"CaZk/rm7DQcmth6tt7/tyB.1","action":"SyncServerConnectionManagerRequest", "result":"SYNC_SERVER_OK", "context":{"environment":"Prod_WestUS_000v", "migrationStage":"NotStarted", "server":"GENERAL02000039"}}
{"logTime": "0717/032841", "correlationVector":"CaZk/rm7DQcmth6tt7/tyB.2","action":"Commit Response", "result":"Success", "context":Result: Success. cV=CaZk/rm7DQcmth6tt7/tyB.0;server=GENERAL02000039;cloudType=Consumer;environment=Prod_WestUS_000v;migrationStage=NotStarted}
{"logTime": "0717/032918", "correlationVector":"7RkKyktIMTVCZUddv701ZU","action":"Commit Request", "result":"", "context":Item count: 1
Contributing types: Sessions}
{"logTime": "0717/032918", "correlationVector":"7RkKyktIMTVCZUddv701ZU.1","action":"SyncServerConnectionManagerRequest", "result":"SYNC_SERVER_OK", "context":{"environment":"Prod_WestUS_000v", "migrationStage":"NotStarted", "server":"GENERAL0200001N"}}
{"logTime": "0717/032918", "correlationVector":"7RkKyktIMTVCZUddv701ZU.2","action":"Commit Response", "result":"Success", "context":Result: Success. cV=7RkKyktIMTVCZUddv701ZU.0;server=GENERAL0200001N;cloudType=Consumer;environment=Prod_WestUS_000v;migrationStage=NotStarted}
{"logTime": "0717/033100", "correlationVector":"Id3LkoE3fv9867812YHyzD","action":"Commit Request", "result":"", "context":Item count: 1
Contributing types: Sessions}
{"logTime": "0717/033101", "correlationVector":"Id3LkoE3fv9867812YHyzD.1","action":"SyncServerConnectionManagerRequest", "result":"SYNC_SERVER_OK", "context":{"environment":"Prod_WestUS_000v", "migrationStage":"NotStarted", "server":"GENERAL11000007"}}
{"logTime": "0717/033101", "correlationVector":"Id3LkoE3fv9867812YHyzD.2","action":"Commit Response", "result":"Success", "context":Result: Success. cV=Id3LkoE3fv9867812YHyzD.0;server=GENERAL11000007;cloudType=Consumer;environment=Prod_WestUS_000v;migrationStage=NotStarted}
{"logTime": "0717/033135", "correlationVector":"1ijk66eqUv9+t6PKNQIbZ2","action":"Commit Request", "result":"", "context":Item count: 1
Contributing types: Sessions}
{"logTime": "0717/033136", "correlationVector":"1ijk66eqUv9+t6PKNQIbZ2.1","action":"SyncServerConnectionManagerRequest", "result":"SYNC_SERVER_OK", "context":{"environment":"Prod_WestUS_000v", "migrationStage":"NotStarted", "server":"GENERAL11000000"}}
{"logTime": "0717/033136", "correlationVector":"1ijk66eqUv9+t6PKNQIbZ2.2","action":"Commit Response", "result":"Success", "context":Result: Success. cV=1ijk66eqUv9+t6PKNQIbZ2.0;server=GENERAL11000000;cloudType=Consumer;environment=Prod_WestUS_000v;migrationStage=NotStarted}
{"logTime": "0717/033451", "correlationVector":"/306fstBljfuu0B1ODttty","action":"Commit Request", "result":"", "context":Item count: 1
Contributing types: Sessions}
{"logTime": "0717/033451", "correlationVector":"/306fstBljfuu0B1ODttty.1","action":"SyncServerConnectionManagerRequest", "result":"SYNC_SERVER_OK", "context":{"environment":"Prod_WestUS_000v", "migrationStage":"NotStarted", "server":"GENERAL0200001N"}}
{"logTime": "0717/033451", "correlationVector":"/306fstBljfuu0B1ODttty.2","action":"Commit Response", "result":"Success", "context":Result: Success. cV=/306fstBljfuu0B1ODttty.0;server=GENERAL0200001N;cloudType=Consumer;environment=Prod_WestUS_000v;migrationStage=NotStarted}
{"logTime": "0717/033630", "correlationVector":"BegJtFR1sidk2qa2QVJUyo","action":"Commit Request", "result":"", "context":Item count: 1
Contributing types: Sessions}
{"logTime": "0717/033630", "correlationVector":"BegJtFR1sidk2qa2QVJUyo.1","action":"SyncServerConnectionManagerRequest", "result":"SYNC_SERVER_OK", "context":{"environment":"Prod_WestUS_000v", "migrationStage":"NotStarted", "server":"GENERAL12000000"}}
{"logTime": "0717/033630", "correlationVector":"BegJtFR1sidk2qa2QVJUyo.2","action":"Commit Response", "result":"Success", "context":Result: Success. cV=BegJtFR1sidk2qa2QVJUyo.0;server=GENERAL12000000;cloudType=Consumer;environment=Prod_WestUS_000v;migrationStage=NotStarted}
{"logTime": "0717/033711", "correlationVector":"0tx6cfR03yqxreYMU5jLRs","action":"Commit Request", "result":"", "context":Item count: 1
Contributing types: Sessions}
{"logTime": "0717/033711", "correlationVector":"0tx6cfR03yqxreYMU5jLRs.1","action":"SyncServerConnectionManagerRequest", "result":"SYNC_SERVER_OK", "context":{"environment":"Prod_WestUS_000v", "migrationStage":"NotStarted", "server":"general01000014"}}
{"logTime": "0717/033711", "correlationVector":"0tx6cfR03yqxreYMU5jLRs.2","action":"Commit Response", "result":"Success", "context":Result: Success. cV=0tx6cfR03yqxreYMU5jLRs.0;server=general01000014;cloudType=Consumer;environment=Prod_WestUS_000v;migrationStage=NotStarted}
{"logTime": "0717/033802", "correlationVector":"jOcKbi9g2RI89A19dvEL9u","action":"Commit Request", "result":"", "context":Item count: 1
Contributing types: Sessions}
{"logTime": "0717/033802", "correlationVector":"jOcKbi9g2RI89A19dvEL9u.1","action":"SyncServerConnectionManagerRequest", "result":"SYNC_SERVER_OK", "context":{"environment":"Prod_WestUS_000v", "migrationStage":"NotStarted", "server":"GENERAL0200002P"}}
{"logTime": "0717/033802", "correlationVector":"jOcKbi9g2RI89A19dvEL9u.2","action":"Commit Response", "result":"Success", "context":Result: Success. cV=jOcKbi9g2RI89A19dvEL9u.0;server=GENERAL0200002P;cloudType=Consumer;environment=Prod_WestUS_000v;migrationStage=NotStarted}
{"logTime": "0717/033837", "correlationVector":"YJE2S9BwWk9zwMquPx0cP8","action":"Commit Request", "result":"", "context":Item count: 1
Contributing types: Sessions}
{"logTime": "0717/033838", "correlationVector":"YJE2S9BwWk9zwMquPx0cP8.1","action":"SyncServerConnectionManagerRequest", "result":"SYNC_SERVER_OK", "context":{"environment":"Prod_WestUS_000v", "migrationStage":"NotStarted", "server":"GENERAL11000005"}}
{"logTime": "0717/033838", "correlationVector":"YJE2S9BwWk9zwMquPx0cP8.2","action":"Commit Response", "result":"Success", "context":Result: Success. cV=YJE2S9BwWk9zwMquPx0cP8.0;server=GENERAL11000005;cloudType=Consumer;environment=Prod_WestUS_000v;migrationStage=NotStarted}
{"logTime": "0718/045641", "correlationVector":"HkUI7gxN0VWZ6CqLZ4z3gN.1","action":"SyncServerConnectionManagerRequest", "result":"SYNC_SERVER_OK", "context":{"environment":"Prod_WestUS_000v", "migrationStage":"MigrationComplete", "server":"GENERAL1100000N"}}
{"logTime": "0718/045641", "correlationVector":"335J3/nKSlC79QfDPKCo8+","action":"SyncServerConnectionManagerRequest", "result":"SYNC_SERVER_OK", "context":{"environment":"", "migrationStage":"", "server":""}}
{"logTime": "0718/045642", "correlationVector":"HkUI7gxN0VWZ6CqLZ4z3gN","action":"Initial GetUpdates", "result":"", "context":Reason: NEW_CLIENT. cV=HkUI7gxN0VWZ6CqLZ4z3gN}
{"logTime": "0718/045642", "correlationVector":"HkUI7gxN0VWZ6CqLZ4z3gN.2","action":"GetUpdates Response", "result":"Success", "context":Received 1 update(s). cV=HkUI7gxN0VWZ6CqLZ4z3gN.0;server=GENERAL1100000N;cloudType=Consumer;environment=Prod_WestUS_000v;migrationStage=MigrationComplete}
{"logTime": "0718/045642", "correlationVector":"OY6ktJrDdfGA08naACWzt4","action":"Initial GetUpdates", "result":"", "context":Reason: NEWLY_SUPPORTED_DATATYPE. cV=OY6ktJrDdfGA08naACWzt4}
{"logTime": "0718/045642", "correlationVector":"OY6ktJrDdfGA08naACWzt4.1","action":"SyncServerConnectionManagerRequest", "result":"SYNC_SERVER_OK", "context":{"environment":"Prod_WestUS_000v", "migrationStage":"MigrationComplete", "server":"GENERAL0200004E"}}
{"logTime": "0718/045642", "correlationVector":"OY6ktJrDdfGA08naACWzt4.2","action":"GetUpdates", "result":"DeleteReceived", "context":{"id":"15f7f888-9771-4636-8283-f42d252f58ca", "isDeleted:":"true", "version":"1699513713926"}}
{"logTime": "0718/045642", "correlationVector":"OY6ktJrDdfGA08naACWzt4.3","action":"GetUpdates", "result":"DeleteReceived", "context":{"id":"d1f0cfc5-c59d-438b-a339-5cfd379fddc4", "isDeleted:":"true", "version":"1699513735646"}}
{"logTime": "0718/045642", "correlationVector":"OY6ktJrDdfGA08naACWzt4.4","action":"GetUpdates", "result":"DeleteReceived", "context":{"id":"06185672-9243-4833-b86d-9dcad8cbabec", "isDeleted:":"true", "version":"1702263067812"}}
{"logTime": "0718/045642", "correlationVector":"OY6ktJrDdfGA08naACWzt4.5","action":"GetUpdates", "result":"DeleteReceived", "context":{"id":"d9048d9a-eec4-4817-951f-ca7101a150eb", "isDeleted:":"true", "version":"1702263081507"}}
{"logTime": "0718/045642", "correlationVector":"OY6ktJrDdfGA08naACWzt4.6","action":"GetUpdates", "result":"DeleteReceived", "context":{"id":"263d230a-4bd0-443d-98d8-92819200ddb1", "isDeleted:":"true", "version":"1702263101937"}}
{"logTime": "0718/045642", "correlationVector":"OY6ktJrDdfGA08naACWzt4.7","action":"GetUpdates", "result":"DeleteReceived", "context":{"id":"f22d98ca-f2f8-40a3-a811-79449dc7d5ae", "isDeleted:":"true", "version":"1711395981384"}}
{"logTime": "0718/045642", "correlationVector":"OY6ktJrDdfGA08naACWzt4.8","action":"GetUpdates", "result":"DeleteReceived", "context":{"id":"a06cf613-eaa4-4fad-a754-f6b263388f8b", "isDeleted:":"true", "version":"1719631480754"}}
{"logTime": "0718/045642", "correlationVector":"OY6ktJrDdfGA08naACWzt4.9","action":"GetUpdates Response", "result":"Success", "context":Received 251 update(s). cV=OY6ktJrDdfGA08naACWzt4.0;server=GENERAL0200004E;cloudType=Consumer;environment=Prod_WestUS_000v;migrationStage=MigrationComplete Some updates remain.}
{"logTime": "0718/045643", "correlationVector":"iDXg7sUruScjTxckhPo5xD","action":"Initial GetUpdates", "result":"", "context":Reason: NEWLY_SUPPORTED_DATATYPE. cV=iDXg7sUruScjTxckhPo5xD}
{"logTime": "0718/045643", "correlationVector":"iDXg7sUruScjTxckhPo5xD.1","action":"SyncServerConnectionManagerRequest", "result":"SYNC_SERVER_OK", "context":{"environment":"Prod_WestUS_000v", "migrationStage":"MigrationComplete", "server":"general0200001R"}}
{"logTime": "0718/045643", "correlationVector":"iDXg7sUruScjTxckhPo5xD.2","action":"GetUpdates Response", "result":"Success", "context":Received 4 update(s). cV=iDXg7sUruScjTxckhPo5xD.0;server=general0200001R;cloudType=Consumer;environment=Prod_WestUS_000v;migrationStage=MigrationComplete}
{"logTime": "0718/045643", "correlationVector":"4gXMLrn7074VQH7shRe+2K","action":"Normal GetUpdate request", "result":"", "context":cV=4gXMLrn7074VQH7shRe+2K
Nudged types: Sessions, Device Info
Refresh requested types: Bookmarks, Preferences, Passwords, Autofill Profiles, Autofill, Typed URLs, Extensions, Sessions, Extension settings, History Delete Directives, Device Info, User Consents, Send Tab To Self, Web Apps, Collection, Edge E Drop, Edge Hub App Usage, Edge Tab Group, Edge Wallet, Encryption Keys}
{"logTime": "0718/045643", "correlationVector":"4gXMLrn7074VQH7shRe+2K.1","action":"SyncServerConnectionManagerRequest", "result":"SYNC_SERVER_OK", "context":{"environment":"Prod_WestUS_000v", "migrationStage":"MigrationComplete", "server":"general0200003T"}}
{"logTime": "0718/045643", "correlationVector":"4gXMLrn7074VQH7shRe+2K.2","action":"GetUpdates", "result":"DeleteReceived", "context":{"id":"146b0bcc-c304-454c-a63d-f7ab0ed3babf", "isDeleted:":"true", "version":"1721269465717"}}
{"logTime": "0718/045643", "correlationVector":"4gXMLrn7074VQH7shRe+2K.3","action":"GetUpdates", "result":"DeleteReceived", "context":{"id":"e4daa21b-04de-483d-bff5-76d88ba8141e", "isDeleted:":"true", "version":"1721269847703"}}
{"logTime": "0718/045643", "correlationVector":"4gXMLrn7074VQH7shRe+2K.4","action":"GetUpdates", "result":"DeleteReceived", "context":{"id":"08af05ec-b06b-4236-95be-e062682e3d88", "isDeleted:":"true", "version":"1721270003612"}}
{"logTime": "0718/045643", "correlationVector":"4gXMLrn7074VQH7shRe+2K.5","action":"GetUpdates", "result":"DeleteReceived", "context":{"id":"a31ae4e3-e53d-48e8-8bf1-37c539283195", "isDeleted:":"true", "version":"1721270036544"}}
{"logTime": "0718/045643", "correlationVector":"4gXMLrn7074VQH7shRe+2K.6","action":"GetUpdates", "result":"DeleteReceived", "context":{"id":"2a39fa3d-d689-43bc-adb5-b1d46e40dc88", "isDeleted:":"true", "version":"1721270067743"}}
{"logTime": "0718/045643", "correlationVector":"4gXMLrn7074VQH7shRe+2K.7","action":"GetUpdates", "result":"DeleteReceived", "context":{"id":"f0b4d3e0-c42f-4dfc-9765-9686ab0511ad", "isDeleted:":"true", "version":"1721277793249"}}
{"logTime": "0718/045643", "correlationVector":"4gXMLrn7074VQH7shRe+2K.8","action":"GetUpdates", "result":"DeleteReceived", "context":{"id":"4c9f0350-1a33-4a85-ba69-8a5e05975c0f", "isDeleted:":"true", "version":"1721277793251"}}
{"logTime": "0718/045643", "correlationVector":"4gXMLrn7074VQH7shRe+2K.9","action":"GetUpdates", "result":"DeleteReceived", "context":{"id":"f610630a-356b-4ca4-bc5b-d74cfaa4c072", "isDeleted:":"true", "version":"1721278124193"}}
{"logTime": "0718/045643", "correlationVector":"4gXMLrn7074VQH7shRe+2K.10","action":"GetUpdates", "result":"DeleteReceived", "context":{"id":"9373affc-db98-426e-8055-933c7d057309", "isDeleted:":"true", "version":"1721278183640"}}
{"logTime": "0718/045643", "correlationVector":"4gXMLrn7074VQH7shRe+2K.11","action":"GetUpdates Response", "result":"Success", "context":Received 37 update(s). cV=4gXMLrn7074VQH7shRe+2K.0;server=general0200003T;cloudType=Consumer;environment=Prod_WestUS_000v;migrationStage=MigrationComplete}
{"logTime": "0718/045643", "correlationVector":"hnhd6Hat2LarTWAgJrahl5","action":"DoCompareDataConsistency requsted types: ", "result":"Bookmarks, Preferences, Passwords, Typed URLs, Extensions, Extension settings, History Delete Directives, Send Tab To Self, Web Apps, Collection, Edge E Drop, Edge Tab Group, Edge Wallet, Encryption Keys"}
{"logTime": "0718/045643", "correlationVector":"hnhd6Hat2LarTWAgJrahl5.0","action":"CompareDataConsistency result: ", "result":"Compare result: Encryption Keys is consistent. local entities count is: 1 local entities hash is: ndoRrWdy2OmiihzMcevZrOtzLdI="}
{"logTime": "0718/045643", "correlationVector":"hnhd6Hat2LarTWAgJrahl5.1","action":"CompareDataConsistency result: ", "result":"Compare result: Bookmarks is consistent. local entities count is: 97 local entities hash is: rZ2d9fEm23s3MyP0olOlERRySuM="}
{"logTime": "0718/045643", "correlationVector":"hnhd6Hat2LarTWAgJrahl5.2","action":"CompareDataConsistency result: ", "result":"Compare result: Preferences is consistent. local entities count is: 79 local entities hash is: 0pRWKOY0FF2JN4ovewsCiqQ/o3c="}
{"logTime": "0718/045643", "correlationVector":"hnhd6Hat2LarTWAgJrahl5.3","action":"CompareDataConsistency result: ", "result":"Server did not send this Typed URLs local entities count is: 44 local entities hash is: cZwhk8T2hn7TSEMmo+QwsipqZWg="}
{"logTime": "0718/045643", "correlationVector":"hnhd6Hat2LarTWAgJrahl5.4","action":"CompareDataConsistency result: ", "result":"Compare result: Extensions is consistent. local entities count is: 3 local entities hash is: nkYmxWdsxnuxRpN2WiKI5fdOvzs="}
{"logTime": "0718/045643", "correlationVector":"hnhd6Hat2LarTWAgJrahl5.5","action":"CompareDataConsistency result: ", "result":"Compare result: Extension settings is consistent. local entities count is: 9 local entities hash is: 4UCN1iyWQCsuoDtxZBTwhqRvbhw="}
{"logTime": "0718/045644", "correlationVector":"hnhd6Hat2LarTWAgJrahl5.6","action":"CompareDataConsistency result: ", "result":"Compare result: History Delete Directives is consistent. local entities count is: 0 local entities hash is: "}
{"logTime": "0718/045644", "correlationVector":"hnhd6Hat2LarTWAgJrahl5.7","action":"CompareDataConsistency result: ", "result":"Server did not send this Send Tab To Self local entities count is: 0 local entities hash is: "}
{"logTime": "0718/045644", "correlationVector":"hnhd6Hat2LarTWAgJrahl5.8","action":"CompareDataConsistency result: ", "result":"Compare result: Web Apps is consistent. local entities count is: 0 local entities hash is: "}
{"logTime": "0718/045644", "correlationVector":"hnhd6Hat2LarTWAgJrahl5.9","action":"CompareDataConsistency result: ", "result":"Compare result: Collection is consistent. local entities count is: 3 local entities hash is: AKFDxNdV7yjJ1/ONAQIGyJ5S2KQ="}
{"logTime": "0718/045644", "correlationVector":"hnhd6Hat2LarTWAgJrahl5.10","action":"CompareDataConsistency result: ", "result":"Compare result: Edge E Drop is consistent. local entities count is: 0 local entities hash is: "}
{"logTime": "0718/045644", "correlationVector":"hnhd6Hat2LarTWAgJrahl5.11","action":"CompareDataConsistency result: ", "result":"Compare result: Edge Tab Group is consistent. local entities count is: 0 local entities hash is: "}
{"logTime": "0718/045644", "correlationVector":"hnhd6Hat2LarTWAgJrahl5.12","action":"CompareDataConsistency result: ", "result":"Compare result: Edge Wallet is consistent. local entities count is: 0 local entities hash is: "}
{"logTime": "0718/045644", "correlationVector":"hnhd6Hat2LarTWAgJrahl5.13","action":"CompareDataConsistency result: ", "result":"Compare result: Passwords is consistent. local entities count is: 248 local entities hash is: PllHWJS4H6/m34lrGFW+sTACop4="}
{"logTime": "0718/045644", "correlationVector":"UflNfsYE+5cYuc7/h4nuaO","action":"Commit Request", "result":"", "context":Item count: 4
Contributing types: Sessions, Device Info}
{"logTime": "0718/045644", "correlationVector":"UflNfsYE+5cYuc7/h4nuaO.1","action":"SyncServerConnectionManagerRequest", "result":"SYNC_SERVER_OK", "context":{"environment":"Prod_WestUS_000v", "migrationStage":"MigrationComplete", "server":"GENERAL0100001C"}}
{"logTime": "0718/045644", "correlationVector":"UflNfsYE+5cYuc7/h4nuaO.3","action":"Commit.Sessions", "result":"Success", "context":{"id":"61bca39e-0c78-4a43-9855-21c84ca2c08c", "isDeleted":"true", "size":"0", "version":"1721187517865"}}
{"logTime": "0718/045644", "correlationVector":"UflNfsYE+5cYuc7/h4nuaO.2","action":"Commit Response", "result":"Success", "context":Result: Success. cV=UflNfsYE+5cYuc7/h4nuaO.0;server=GENERAL0100001C;cloudType=Consumer;environment=Prod_WestUS_000v;migrationStage=MigrationComplete}
{"logTime": "0718/045645", "correlationVector":"","action":"DIAGNOSTIC_REQUEST|v1/diagnosticData/Diagnostic.SendCheckResult()|SUCCESS", "result":""}
{"logTime": "0718/045645", "correlationVector":"","action":"SyncDiagnosticRequest::ProcessDiagnosticResponse", "result":"DIAGNOSTIC_REQUEST|v1/diagnosticData/Diagnostic.SendCheckResult()|SUCCESS"}
{"logTime": "0718/045645", "correlationVector":"peAgcQEh1uKW227w6vnJqd","action":"Normal GetUpdate request", "result":"", "context":cV=peAgcQEh1uKW227w6vnJqd
Nudged types: Sessions, Device Info}
{"logTime": "0718/045645", "correlationVector":"peAgcQEh1uKW227w6vnJqd.1","action":"SyncServerConnectionManagerRequest", "result":"SYNC_SERVER_OK", "context":{"environment":"Prod_WestUS_000v", "migrationStage":"MigrationComplete", "server":"GENERAL12000000"}}
{"logTime": "0718/045645", "correlationVector":"peAgcQEh1uKW227w6vnJqd.2","action":"GetUpdates", "result":"DeleteReceived", "context":{"id":"61bca39e-0c78-4a43-9855-21c84ca2c08c", "isDeleted:":"true", "version":"1721278546604"}}
{"logTime": "0718/045645", "correlationVector":"peAgcQEh1uKW227w6vnJqd.3","action":"GetUpdates Response", "result":"Success", "context":Received 4 update(s). cV=peAgcQEh1uKW227w6vnJqd.0;server=GENERAL12000000;cloudType=Consumer;environment=Prod_WestUS_000v;migrationStage=MigrationComplete}
{"logTime": "0718/045645", "correlationVector":"WkCp1R/ddJqcQYKiHcgola","action":"Poll GetUpdate request", "result":"", "context":cV=WkCp1R/ddJqcQYKiHcgola}
{"logTime": "0718/045645", "correlationVector":"WkCp1R/ddJqcQYKiHcgola.1","action":"SyncServerConnectionManagerRequest", "result":"SYNC_SERVER_OK", "context":{"environment":"Prod_WestUS_000v", "migrationStage":"MigrationComplete", "server":"GENERAL11000000"}}
{"logTime": "0718/045645", "correlationVector":"WkCp1R/ddJqcQYKiHcgola.2","action":"GetUpdates Response", "result":"Success", "context":Received 0 update(s). cV=WkCp1R/ddJqcQYKiHcgola.0;server=GENERAL11000000;cloudType=Consumer;environment=Prod_WestUS_000v;migrationStage=MigrationComplete}
{"logTime": "0718/045645", "correlationVector":"6KF+BeTa5TAW5Kk9K2B/F6","action":"Commit Request", "result":"", "context":Item count: 3
Contributing types: Preferences, Passwords}
{"logTime": "0718/045645", "correlationVector":"6KF+BeTa5TAW5Kk9K2B/F6.1","action":"SyncServerConnectionManagerRequest", "result":"SYNC_SERVER_OK", "context":{"environment":"Prod_WestUS_000v", "migrationStage":"MigrationComplete", "server":"GENERAL0200002F"}}
{"logTime": "0718/045645", "correlationVector":"6KF+BeTa5TAW5Kk9K2B/F6.2","action":"Commit Response", "result":"Success", "context":Result: Success. cV=6KF+BeTa5TAW5Kk9K2B/F6.0;server=GENERAL0200002F;cloudType=Consumer;environment=Prod_WestUS_000v;migrationStage=MigrationComplete}
{"logTime": "0718/045657", "correlationVector":"KKOm862YMECoagF4/TN71n","action":"Commit Request", "result":"", "context":Item count: 3
Contributing types: Passwords}
{"logTime": "0718/045657", "correlationVector":"KKOm862YMECoagF4/TN71n.1","action":"SyncServerConnectionManagerRequest", "result":"SYNC_SERVER_OK", "context":{"environment":"Prod_WestUS_000v", "migrationStage":"MigrationComplete", "server":"general01000010"}}
{"logTime": "0718/045657", "correlationVector":"KKOm862YMECoagF4/TN71n.2","action":"Commit Response", "result":"Success", "context":Result: Success. cV=KKOm862YMECoagF4/TN71n.0;server=general01000010;cloudType=Consumer;environment=Prod_WestUS_000v;migrationStage=MigrationComplete}
{"logTime": "0718/045657", "correlationVector":"1hDEjFU2pAvgvlTv2BaZTr","action":"Commit Request", "result":"", "context":Item count: 3
Contributing types: Preferences, Passwords, Sessions}
{"logTime": "0718/045657", "correlationVector":"1hDEjFU2pAvgvlTv2BaZTr.1","action":"SyncServerConnectionManagerRequest", "result":"SYNC_SERVER_OK", "context":{"environment":"Prod_WestUS_000v", "migrationStage":"MigrationComplete", "server":"GENERAL12000009"}}
{"logTime": "0718/045657", "correlationVector":"1hDEjFU2pAvgvlTv2BaZTr.2","action":"Commit Response", "result":"Success", "context":Result: Success. cV=1hDEjFU2pAvgvlTv2BaZTr.0;server=GENERAL12000009;cloudType=Consumer;environment=Prod_WestUS_000v;migrationStage=MigrationComplete}
{"logTime": "0718/045752", "correlationVector":"bD+r/xtPgwtIHDbQZA+QIb","action":"Commit Request", "result":"", "context":Item count: 1
Contributing types: Sessions}
{"logTime": "0718/045752", "correlationVector":"bD+r/xtPgwtIHDbQZA+QIb.1","action":"SyncServerConnectionManagerRequest", "result":"SYNC_SERVER_OK", "context":{"environment":"Prod_WestUS_000v", "migrationStage":"NotStarted", "server":"general02000000"}}
{"logTime": "0718/045752", "correlationVector":"bD+r/xtPgwtIHDbQZA+QIb.2","action":"Commit Response", "result":"Success", "context":Result: Success. cV=bD+r/xtPgwtIHDbQZA+QIb.0;server=general02000000;cloudType=Consumer;environment=Prod_WestUS_000v;migrationStage=NotStarted}
{"logTime": "0718/045852", "correlationVector":"mzrlG9QcMixr7cbYTYfNJN","action":"Commit Request", "result":"", "context":Item count: 1
Contributing types: Sessions}
{"logTime": "0718/045852", "correlationVector":"mzrlG9QcMixr7cbYTYfNJN.1","action":"SyncServerConnectionManagerRequest", "result":"SYNC_SERVER_OK", "context":{"environment":"Prod_WestUS_000v", "migrationStage":"NotStarted", "server":"general02000047"}}
{"logTime": "0718/045852", "correlationVector":"mzrlG9QcMixr7cbYTYfNJN.2","action":"Commit Response", "result":"Success", "context":Result: Success. cV=mzrlG9QcMixr7cbYTYfNJN.0;server=general02000047;cloudType=Consumer;environment=Prod_WestUS_000v;migrationStage=NotStarted}
{"logTime": "0718/050039", "correlationVector":"paVNcCqQP0Zcf2MYb6h/J/","action":"Normal GetUpdate request", "result":"", "context":cV=paVNcCqQP0Zcf2MYb6h/J/
Refresh requested types: Bookmarks, Preferences, Passwords, Autofill Profiles, Autofill, Typed URLs, Extensions, Sessions, Extension settings, History Delete Directives, Device Info, User Consents, Send Tab To Self, Web Apps, Collection, Edge E Drop, Edge Hub App Usage, Edge Tab Group, Edge Wallet, Encryption Keys}
{"logTime": "0718/050039", "correlationVector":"paVNcCqQP0Zcf2MYb6h/J/.1","action":"SyncServerConnectionManagerRequest", "result":"SYNC_SERVER_OK", "context":{"environment":"Prod_WestUS_000v", "migrationStage":"MigrationComplete", "server":"general0100001A"}}
{"logTime": "0718/050039", "correlationVector":"paVNcCqQP0Zcf2MYb6h/J/.2","action":"GetUpdates Response", "result":"Success", "context":Received 6 update(s). cV=paVNcCqQP0Zcf2MYb6h/J/.0;server=general0100001A;cloudType=Consumer;environment=Prod_WestUS_000v;migrationStage=MigrationComplete}
{"logTime": "0718/051109", "correlationVector":"gc+q/CE4+mCMS7rAnzCU+s","action":"Commit Request", "result":"", "context":Item count: 1
Contributing types: Sessions}
{"logTime": "0718/051110", "correlationVector":"gc+q/CE4+mCMS7rAnzCU+s.1","action":"SyncServerConnectionManagerRequest", "result":"SYNC_SERVER_OK", "context":{"environment":"Prod_WestUS_000v", "migrationStage":"NotStarted", "server":"general01000018"}}
{"logTime": "0718/051110", "correlationVector":"gc+q/CE4+mCMS7rAnzCU+s.2","action":"Commit Response", "result":"Success", "context":Result: Success. cV=gc+q/CE4+mCMS7rAnzCU+s.0;server=general01000018;cloudType=Consumer;environment=Prod_WestUS_000v;migrationStage=NotStarted}
{"logTime": "0718/051126", "correlationVector":"5V2iyqTiC48MBmI2mXofhb","action":"Normal GetUpdate request", "result":"", "context":cV=5V2iyqTiC48MBmI2mXofhb
Notified types: Preferences}
{"logTime": "0718/051126", "correlationVector":"5V2iyqTiC48MBmI2mXofhb.1","action":"SyncServerConnectionManagerRequest", "result":"SYNC_SERVER_OK", "context":{"environment":"Prod_WestUS_000v", "migrationStage":"MigrationComplete", "server":"GENERAL0100000L"}}
{"logTime": "0718/051126", "correlationVector":"5V2iyqTiC48MBmI2mXofhb.2","action":"GetUpdates Response", "result":"Success", "context":Received 5 update(s). cV=5V2iyqTiC48MBmI2mXofhb.0;server=GENERAL0100000L;cloudType=Consumer;environment=Prod_WestUS_000v;migrationStage=MigrationComplete}
{"logTime": "0718/051237", "correlationVector":"LlOGMKLemMXP4t8hFlik8A","action":"Normal GetUpdate request", "result":"", "context":cV=LlOGMKLemMXP4t8hFlik8A
Notified types: Typed URLs}
{"logTime": "0718/051238", "correlationVector":"LlOGMKLemMXP4t8hFlik8A.1","action":"SyncServerConnectionManagerRequest", "result":"SYNC_SERVER_OK", "context":{"environment":"Prod_WestUS_000v", "migrationStage":"MigrationComplete", "server":"general0200000W"}}
{"logTime": "0718/051238", "correlationVector":"LlOGMKLemMXP4t8hFlik8A.2","action":"GetUpdates Response", "result":"Success", "context":Received 4 update(s). cV=LlOGMKLemMXP4t8hFlik8A.0;server=general0200000W;cloudType=Consumer;environment=Prod_WestUS_000v;migrationStage=MigrationComplete}
{"logTime": "0718/053615", "correlationVector":"JqGjKZzrxYCO1jx3LyW7vw.1","action":"SyncServerConnectionManagerRequest", "result":"SYNC_SERVER_OK", "context":{"environment":"Prod_WestUS_000v", "migrationStage":"MigrationComplete", "server":"GENERAL0100000L"}}
{"logTime": "0718/053615", "correlationVector":"h1Dtu5EpxX2eGFCD6JHa5b","action":"SyncServerConnectionManagerRequest", "result":"SYNC_SERVER_OK", "context":{"environment":"", "migrationStage":"", "server":""}}
{"logTime": "0718/053615", "correlationVector":"JqGjKZzrxYCO1jx3LyW7vw","action":"Initial GetUpdates", "result":"", "context":Reason: NEW_CLIENT. cV=JqGjKZzrxYCO1jx3LyW7vw}
{"logTime": "0718/053615", "correlationVector":"JqGjKZzrxYCO1jx3LyW7vw.2","action":"GetUpdates Response", "result":"Success", "context":Received 1 update(s). cV=JqGjKZzrxYCO1jx3LyW7vw.0;server=GENERAL0100000L;cloudType=Consumer;environment=Prod_WestUS_000v;migrationStage=MigrationComplete}
{"logTime": "0718/053615", "correlationVector":"KMfMx/iQ/9hVBzAKzR7ADD","action":"Initial GetUpdates", "result":"", "context":Reason: NEWLY_SUPPORTED_DATATYPE. cV=KMfMx/iQ/9hVBzAKzR7ADD}
{"logTime": "0718/053615", "correlationVector":"KMfMx/iQ/9hVBzAKzR7ADD.1","action":"SyncServerConnectionManagerRequest", "result":"SYNC_SERVER_OK", "context":{"environment":"Prod_WestUS_000v", "migrationStage":"MigrationComplete", "server":"general02000047"}}
{"logTime": "0718/053615", "correlationVector":"KMfMx/iQ/9hVBzAKzR7ADD.2","action":"GetUpdates", "result":"DeleteReceived", "context":{"id":"15f7f888-9771-4636-8283-f42d252f58ca", "isDeleted:":"true", "version":"1699513713926"}}
{"logTime": "0718/053615", "correlationVector":"KMfMx/iQ/9hVBzAKzR7ADD.3","action":"GetUpdates", "result":"DeleteReceived", "context":{"id":"d1f0cfc5-c59d-438b-a339-5cfd379fddc4", "isDeleted:":"true", "version":"1699513735646"}}
{"logTime": "0718/053615", "correlationVector":"KMfMx/iQ/9hVBzAKzR7ADD.4","action":"GetUpdates", "result":"DeleteReceived", "context":{"id":"06185672-9243-4833-b86d-9dcad8cbabec", "isDeleted:":"true", "version":"1702263067812"}}
{"logTime": "0718/053615", "correlationVector":"KMfMx/iQ/9hVBzAKzR7ADD.5","action":"GetUpdates", "result":"DeleteReceived", "context":{"id":"d9048d9a-eec4-4817-951f-ca7101a150eb", "isDeleted:":"true", "version":"1702263081507"}}
{"logTime": "0718/053615", "correlationVector":"KMfMx/iQ/9hVBzAKzR7ADD.6","action":"GetUpdates", "result":"DeleteReceived", "context":{"id":"263d230a-4bd0-443d-98d8-92819200ddb1", "isDeleted:":"true", "version":"1702263101937"}}
{"logTime": "0718/053615", "correlationVector":"KMfMx/iQ/9hVBzAKzR7ADD.7","action":"GetUpdates", "result":"DeleteReceived", "context":{"id":"f22d98ca-f2f8-40a3-a811-79449dc7d5ae", "isDeleted:":"true", "version":"1711395981384"}}
{"logTime": "0718/053615", "correlationVector":"KMfMx/iQ/9hVBzAKzR7ADD.8","action":"GetUpdates", "result":"DeleteReceived", "context":{"id":"a06cf613-eaa4-4fad-a754-f6b263388f8b", "isDeleted:":"true", "version":"1719631480754"}}
{"logTime": "0718/053615", "correlationVector":"KMfMx/iQ/9hVBzAKzR7ADD.9","action":"GetUpdates Response", "result":"Success", "context":Received 251 update(s). cV=KMfMx/iQ/9hVBzAKzR7ADD.0;server=general02000047;cloudType=Consumer;environment=Prod_WestUS_000v;migrationStage=MigrationComplete Some updates remain.}
{"logTime": "0718/053615", "correlationVector":"JcfxnGdhgDGv5y7rmre2HE","action":"Initial GetUpdates", "result":"", "context":Reason: NEWLY_SUPPORTED_DATATYPE. cV=JcfxnGdhgDGv5y7rmre2HE}
{"logTime": "0718/053615", "correlationVector":"JcfxnGdhgDGv5y7rmre2HE.1","action":"SyncServerConnectionManagerRequest", "result":"SYNC_SERVER_OK", "context":{"environment":"Prod_WestUS_000v", "migrationStage":"MigrationComplete", "server":"general01000010"}}
{"logTime": "0718/053615", "correlationVector":"JcfxnGdhgDGv5y7rmre2HE.2","action":"GetUpdates Response", "result":"Success", "context":Received 4 update(s). cV=JcfxnGdhgDGv5y7rmre2HE.0;server=general01000010;cloudType=Consumer;environment=Prod_WestUS_000v;migrationStage=MigrationComplete}
{"logTime": "0718/053615", "correlationVector":"Cw+0mzYbp//K7ZRV+QvDHU","action":"Normal GetUpdate request", "result":"", "context":cV=Cw+0mzYbp//K7ZRV+QvDHU
Nudged types: Sessions
Refresh requested types: Bookmarks, Preferences, Passwords, Autofill Profiles, Autofill, Typed URLs, Extensions, Sessions, Extension settings, History Delete Directives, Device Info, User Consents, Send Tab To Self, Web Apps, Collection, Edge E Drop, Edge Hub App Usage, Edge Tab Group, Edge Wallet, Encryption Keys}
{"logTime": "0718/053615", "correlationVector":"Cw+0mzYbp//K7ZRV+QvDHU.1","action":"SyncServerConnectionManagerRequest", "result":"SYNC_SERVER_OK", "context":{"environment":"Prod_WestUS_000v", "migrationStage":"MigrationComplete", "server":"general0100000V"}}
{"logTime": "0718/053615", "correlationVector":"Cw+0mzYbp//K7ZRV+QvDHU.2","action":"GetUpdates", "result":"DeleteReceived", "context":{"id":"034b7d8a-5ce0-42d7-a6fb-dfebcfe79400", "isDeleted:":"true", "version":"1721279810975"}}
{"logTime": "0718/053615", "correlationVector":"Cw+0mzYbp//K7ZRV+QvDHU.3","action":"GetUpdates", "result":"DeleteReceived", "context":{"id":"242adb2a-cc20-46d4-9375-110484e1e9d0", "isDeleted:":"true", "version":"1721279922379"}}
{"logTime": "0718/053615", "correlationVector":"Cw+0mzYbp//K7ZRV+QvDHU.4","action":"GetUpdates", "result":"DeleteReceived", "context":{"id":"b624fea3-2ee9-43b7-b3c8-91dbffde397d", "isDeleted:":"true", "version":"1721279922380"}}
{"logTime": "0718/053615", "correlationVector":"Cw+0mzYbp//K7ZRV+QvDHU.5","action":"GetUpdates", "result":"DeleteReceived", "context":{"id":"62e3abf5-2a40-4bd9-8ab7-bb486d400bf1", "isDeleted:":"true", "version":"1721279922382"}}
{"logTime": "0718/053615", "correlationVector":"Cw+0mzYbp//K7ZRV+QvDHU.6","action":"GetUpdates", "result":"DeleteReceived", "context":{"id":"c5de030e-2dd7-4d0b-9460-ccb0b0ff7131", "isDeleted:":"true", "version":"1721279922383"}}
{"logTime": "0718/053615", "correlationVector":"Cw+0mzYbp//K7ZRV+QvDHU.7","action":"GetUpdates", "result":"DeleteReceived", "context":{"id":"b7bd40bf-9d0e-4152-b307-2e043d437c2e", "isDeleted:":"true", "version":"1721279922385"}}
{"logTime": "0718/053615", "correlationVector":"Cw+0mzYbp//K7ZRV+QvDHU.8","action":"GetUpdates Response", "result":"Success", "context":Received 19 update(s). cV=Cw+0mzYbp//K7ZRV+QvDHU.0;server=general0100000V;cloudType=Consumer;environment=Prod_WestUS_000v;migrationStage=MigrationComplete}
{"logTime": "0718/053615", "correlationVector":"0DOlIX5iuQmfKRQ5P675iZ","action":"Commit Request", "result":"", "context":Item count: 3
Contributing types: Sessions}
{"logTime": "0718/053615", "correlationVector":"0DOlIX5iuQmfKRQ5P675iZ.1","action":"SyncServerConnectionManagerRequest", "result":"SYNC_SERVER_OK", "context":{"environment":"Prod_WestUS_000v", "migrationStage":"NotStarted", "server":"general12000007"}}
{"logTime": "0718/053615", "correlationVector":"0DOlIX5iuQmfKRQ5P675iZ.2","action":"Commit Response", "result":"Success", "context":Result: Success. cV=0DOlIX5iuQmfKRQ5P675iZ.0;server=general12000007;cloudType=Consumer;environment=Prod_WestUS_000v;migrationStage=NotStarted}
{"logTime": "0718/053615", "correlationVector":"0DOlIX5iuQmfKRQ5P675iZ.3","action":"Commit.Sessions", "result":"Success", "context":{"id":"8d060789-d4f1-4b41-8058-ab1299a963ad", "isDeleted":"true", "size":"0", "version":"1721279469339"}}
{"logTime": "0718/053615", "correlationVector":"Wh8OW6VZ5BV7+2FWaDV5qA","action":"Normal GetUpdate request", "result":"", "context":cV=Wh8OW6VZ5BV7+2FWaDV5qA
Nudged types: Preferences, Passwords, Sessions}
{"logTime": "0718/053615", "correlationVector":"Wh8OW6VZ5BV7+2FWaDV5qA.1","action":"SyncServerConnectionManagerRequest", "result":"SYNC_SERVER_OK", "context":{"environment":"Prod_WestUS_000v", "migrationStage":"MigrationComplete", "server":"general12000003"}}
{"logTime": "0718/053615", "correlationVector":"Wh8OW6VZ5BV7+2FWaDV5qA.2","action":"GetUpdates", "result":"DeleteReceived", "context":{"id":"8d060789-d4f1-4b41-8058-ab1299a963ad", "isDeleted:":"true", "version":"1721280922402"}}
{"logTime": "0718/053615", "correlationVector":"Wh8OW6VZ5BV7+2FWaDV5qA.3","action":"GetUpdates Response", "result":"Success", "context":Received 3 update(s). cV=Wh8OW6VZ5BV7+2FWaDV5qA.0;server=general12000003;cloudType=Consumer;environment=Prod_WestUS_000v;migrationStage=MigrationComplete}
{"logTime": "0718/053615", "correlationVector":"ht6cVrPrBvzu6QWbFYRgTg","action":"Commit Request", "result":"", "context":Item count: 3
Contributing types: Preferences, Passwords}
{"logTime": "0718/053615", "correlationVector":"ht6cVrPrBvzu6QWbFYRgTg.1","action":"SyncServerConnectionManagerRequest", "result":"SYNC_SERVER_OK", "context":{"environment":"Prod_WestUS_000v", "migrationStage":"MigrationComplete", "server":"general11000003"}}
{"logTime": "0718/053615", "correlationVector":"ht6cVrPrBvzu6QWbFYRgTg.2","action":"Commit Response", "result":"Success", "context":Result: Success. cV=ht6cVrPrBvzu6QWbFYRgTg.0;server=general11000003;cloudType=Consumer;environment=Prod_WestUS_000v;migrationStage=MigrationComplete}
{"logTime": "0718/053615", "correlationVector":"8Fv/H99XDqpOFvFasTYx7L","action":"Commit Request", "result":"", "context":Item count: 1
Contributing types: Sessions}
{"logTime": "0718/053615", "correlationVector":"8Fv/H99XDqpOFvFasTYx7L.1","action":"SyncServerConnectionManagerRequest", "result":"SYNC_SERVER_OK", "context":{"environment":"Prod_WestUS_000v", "migrationStage":"NotStarted", "server":"general1100000L"}}
{"logTime": "0718/053615", "correlationVector":"8Fv/H99XDqpOFvFasTYx7L.2","action":"Commit Response", "result":"Success", "context":Result: Success. cV=8Fv/H99XDqpOFvFasTYx7L.0;server=general1100000L;cloudType=Consumer;environment=Prod_WestUS_000v;migrationStage=NotStarted}
{"logTime": "0718/053617", "correlationVector":"9G1+X5Fzw+gdbqPt6E+rq5","action":"Commit Request", "result":"", "context":Item count: 3
Contributing types: Passwords}
{"logTime": "0718/053617", "correlationVector":"9G1+X5Fzw+gdbqPt6E+rq5.1","action":"SyncServerConnectionManagerRequest", "result":"SYNC_SERVER_OK", "context":{"environment":"Prod_WestUS_000v", "migrationStage":"MigrationComplete", "server":"general01000017"}}
{"logTime": "0718/053617", "correlationVector":"9G1+X5Fzw+gdbqPt6E+rq5.2","action":"Commit Response", "result":"Success", "context":Result: Success. cV=9G1+X5Fzw+gdbqPt6E+rq5.0;server=general01000017;cloudType=Consumer;environment=Prod_WestUS_000v;migrationStage=MigrationComplete}
{"logTime": "0718/053617", "correlationVector":"NSgbghY+QfuTl+t55KiqA5","action":"Commit Request", "result":"", "context":Item count: 2
Contributing types: Preferences, Passwords}
{"logTime": "0718/053619", "correlationVector":"NSgbghY+QfuTl+t55KiqA5.1","action":"SyncServerConnectionManagerRequest", "result":"SYNC_SERVER_OK", "context":{"environment":"Prod_WestUS_000v", "migrationStage":"MigrationComplete", "server":"general0100000V"}}
{"logTime": "0718/053619", "correlationVector":"NSgbghY+QfuTl+t55KiqA5.2","action":"Commit Response", "result":"Success", "context":Result: Success. cV=NSgbghY+QfuTl+t55KiqA5.0;server=general0100000V;cloudType=Consumer;environment=Prod_WestUS_000v;migrationStage=MigrationComplete}
{"logTime": "0718/054016", "correlationVector":"PJZOcQcEU9RhDCJGPy9bjc","action":"Normal GetUpdate request", "result":"", "context":cV=PJZOcQcEU9RhDCJGPy9bjc
Refresh requested types: Bookmarks, Preferences, Passwords, Autofill Profiles, Autofill, Typed URLs, Extensions, Sessions, Extension settings, History Delete Directives, Device Info, User Consents, Send Tab To Self, Web Apps, Collection, Edge E Drop, Edge Hub App Usage, Edge Tab Group, Edge Wallet, Encryption Keys}
{"logTime": "0718/054016", "correlationVector":"PJZOcQcEU9RhDCJGPy9bjc.1","action":"SyncServerConnectionManagerRequest", "result":"SYNC_SERVER_OK", "context":{"environment":"Prod_WestUS_000v", "migrationStage":"MigrationComplete", "server":"general02000014"}}
{"logTime": "0718/054016", "correlationVector":"PJZOcQcEU9RhDCJGPy9bjc.2","action":"GetUpdates Response", "result":"Success", "context":Received 6 update(s). cV=PJZOcQcEU9RhDCJGPy9bjc.0;server=general02000014;cloudType=Consumer;environment=Prod_WestUS_000v;migrationStage=MigrationComplete}
{"logTime": "0718/054047", "correlationVector":"zxSmOicC40CkB/WeViW7N/","action":"Commit Request", "result":"", "context":Item count: 1
Contributing types: Sessions}
{"logTime": "0718/054047", "correlationVector":"zxSmOicC40CkB/WeViW7N/.1","action":"SyncServerConnectionManagerRequest", "result":"SYNC_SERVER_OK", "context":{"environment":"Prod_WestUS_000v", "migrationStage":"NotStarted", "server":"general01000001"}}
{"logTime": "0718/054047", "correlationVector":"zxSmOicC40CkB/WeViW7N/.2","action":"Commit Response", "result":"Success", "context":Result: Success. cV=zxSmOicC40CkB/WeViW7N/.0;server=general01000001;cloudType=Consumer;environment=Prod_WestUS_000v;migrationStage=NotStarted}
{"logTime": "0718/065553", "correlationVector":"BW+RStcX95MjNsjZMmES5F.1","action":"SyncServerConnectionManagerRequest", "result":"SYNC_SERVER_OK", "context":{"environment":"Prod_WestUS_000v", "migrationStage":"MigrationComplete", "server":"general0200000W"}}
{"logTime": "0718/065553", "correlationVector":"75xeXtN6/UuQMf4KCZ+6QR","action":"SyncServerConnectionManagerRequest", "result":"SYNC_SERVER_OK", "context":{"environment":"", "migrationStage":"", "server":""}}
{"logTime": "0718/065553", "correlationVector":"BW+RStcX95MjNsjZMmES5F","action":"Initial GetUpdates", "result":"", "context":Reason: NEW_CLIENT. cV=BW+RStcX95MjNsjZMmES5F}
{"logTime": "0718/065553", "correlationVector":"BW+RStcX95MjNsjZMmES5F.2","action":"GetUpdates Response", "result":"Success", "context":Received 1 update(s). cV=BW+RStcX95MjNsjZMmES5F.0;server=general0200000W;cloudType=Consumer;environment=Prod_WestUS_000v;migrationStage=MigrationComplete}
{"logTime": "0718/065553", "correlationVector":"HkEIm/HUPv3VcpvdZKIaiH","action":"Initial GetUpdates", "result":"", "context":Reason: NEWLY_SUPPORTED_DATATYPE. cV=HkEIm/HUPv3VcpvdZKIaiH}
{"logTime": "0718/065554", "correlationVector":"HkEIm/HUPv3VcpvdZKIaiH.1","action":"SyncServerConnectionManagerRequest", "result":"SYNC_SERVER_OK", "context":{"environment":"Prod_WestUS_000v", "migrationStage":"MigrationComplete", "server":"GENERAL12000004"}}
{"logTime": "0718/065554", "correlationVector":"HkEIm/HUPv3VcpvdZKIaiH.2","action":"GetUpdates", "result":"DeleteReceived", "context":{"id":"15f7f888-9771-4636-8283-f42d252f58ca", "isDeleted:":"true", "version":"1699513713926"}}
{"logTime": "0718/065554", "correlationVector":"HkEIm/HUPv3VcpvdZKIaiH.3","action":"GetUpdates", "result":"DeleteReceived", "context":{"id":"d1f0cfc5-c59d-438b-a339-5cfd379fddc4", "isDeleted:":"true", "version":"1699513735646"}}
{"logTime": "0718/065554", "correlationVector":"HkEIm/HUPv3VcpvdZKIaiH.4","action":"GetUpdates", "result":"DeleteReceived", "context":{"id":"06185672-9243-4833-b86d-9dcad8cbabec", "isDeleted:":"true", "version":"1702263067812"}}
{"logTime": "0718/065554", "correlationVector":"HkEIm/HUPv3VcpvdZKIaiH.5","action":"GetUpdates", "result":"DeleteReceived", "context":{"id":"d9048d9a-eec4-4817-951f-ca7101a150eb", "isDeleted:":"true", "version":"1702263081507"}}
{"logTime": "0718/065554", "correlationVector":"HkEIm/HUPv3VcpvdZKIaiH.6","action":"GetUpdates", "result":"DeleteReceived", "context":{"id":"263d230a-4bd0-443d-98d8-92819200ddb1", "isDeleted:":"true", "version":"1702263101937"}}
{"logTime": "0718/065554", "correlationVector":"HkEIm/HUPv3VcpvdZKIaiH.7","action":"GetUpdates", "result":"DeleteReceived", "context":{"id":"f22d98ca-f2f8-40a3-a811-79449dc7d5ae", "isDeleted:":"true", "version":"1711395981384"}}
{"logTime": "0718/065554", "correlationVector":"HkEIm/HUPv3VcpvdZKIaiH.8","action":"GetUpdates", "result":"DeleteReceived", "context":{"id":"a06cf613-eaa4-4fad-a754-f6b263388f8b", "isDeleted:":"true", "version":"1719631480754"}}
{"logTime": "0718/065554", "correlationVector":"HkEIm/HUPv3VcpvdZKIaiH.9","action":"GetUpdates Response", "result":"Success", "context":Received 251 update(s). cV=HkEIm/HUPv3VcpvdZKIaiH.0;server=GENERAL12000004;cloudType=Consumer;environment=Prod_WestUS_000v;migrationStage=MigrationComplete Some updates remain.}
{"logTime": "0718/065554", "correlationVector":"Rx4JXGjPI5qk5Iw+yR4GQT","action":"Initial GetUpdates", "result":"", "context":Reason: NEWLY_SUPPORTED_DATATYPE. cV=Rx4JXGjPI5qk5Iw+yR4GQT}
{"logTime": "0718/065554", "correlationVector":"Rx4JXGjPI5qk5Iw+yR4GQT.1","action":"SyncServerConnectionManagerRequest", "result":"SYNC_SERVER_OK", "context":{"environment":"Prod_WestUS_000v", "migrationStage":"MigrationComplete", "server":"GENERAL12000004"}}
{"logTime": "0718/065554", "correlationVector":"Rx4JXGjPI5qk5Iw+yR4GQT.2","action":"GetUpdates Response", "result":"Success", "context":Received 4 update(s). cV=Rx4JXGjPI5qk5Iw+yR4GQT.0;server=GENERAL12000004;cloudType=Consumer;environment=Prod_WestUS_000v;migrationStage=MigrationComplete}
{"logTime": "0718/065554", "correlationVector":"6LL7yG/GuP/tuWFKQMM1wn","action":"Normal GetUpdate request", "result":"", "context":cV=6LL7yG/GuP/tuWFKQMM1wn
Nudged types: Preferences, Sessions
Refresh requested types: Bookmarks, Preferences, Passwords, Autofill Profiles, Autofill, Typed URLs, Extensions, Sessions, Extension settings, History Delete Directives, Device Info, User Consents, Send Tab To Self, Web Apps, Collection, Edge E Drop, Edge Hub App Usage, Edge Tab Group, Edge Wallet, Encryption Keys}
{"logTime": "0718/065556", "correlationVector":"6LL7yG/GuP/tuWFKQMM1wn.1","action":"SyncServerConnectionManagerRequest", "result":"SYNC_SERVER_OK", "context":{"environment":"Prod_WestUS_000v", "migrationStage":"MigrationComplete", "server":"GENERAL11000009"}}
{"logTime": "0718/065556", "correlationVector":"6LL7yG/GuP/tuWFKQMM1wn.2","action":"GetUpdates Response", "result":"Success", "context":Received 7 update(s). cV=6LL7yG/GuP/tuWFKQMM1wn.0;server=GENERAL11000009;cloudType=Consumer;environment=Prod_WestUS_000v;migrationStage=MigrationComplete}
{"logTime": "0718/065556", "correlationVector":"/2QeaKfKkEren2HAx7964x","action":"Commit Request", "result":"", "context":Item count: 4
Contributing types: Preferences, Sessions}
{"logTime": "0718/065556", "correlationVector":"/2QeaKfKkEren2HAx7964x.1","action":"SyncServerConnectionManagerRequest", "result":"SYNC_SERVER_OK", "context":{"environment":"Prod_WestUS_000v", "migrationStage":"MigrationComplete", "server":"GENERAL01000019"}}
{"logTime": "0718/065556", "correlationVector":"/2QeaKfKkEren2HAx7964x.2","action":"Commit Response", "result":"Success", "context":Result: Success. cV=/2QeaKfKkEren2HAx7964x.0;server=GENERAL01000019;cloudType=Consumer;environment=Prod_WestUS_000v;migrationStage=MigrationComplete}
{"logTime": "0718/065557", "correlationVector":"/2QeaKfKkEren2HAx7964x.3","action":"Commit.Sessions", "result":"Success", "context":{"id":"c57b950d-15df-42f4-b9cb-1b2a2d39c514", "isDeleted":"true", "size":"0", "version":"1721281246553"}}
{"logTime": "0718/065558", "correlationVector":"zD7VG6AXI21d3lKT4cQ8nv","action":"Normal GetUpdate request", "result":"", "context":cV=zD7VG6AXI21d3lKT4cQ8nv
Nudged types: Preferences, Sessions}
{"logTime": "0718/065559", "correlationVector":"zD7VG6AXI21d3lKT4cQ8nv.1","action":"SyncServerConnectionManagerRequest", "result":"SYNC_SERVER_OK", "context":{"environment":"Prod_WestUS_000v", "migrationStage":"MigrationComplete", "server":"general1100000L"}}
{"logTime": "0718/065559", "correlationVector":"zD7VG6AXI21d3lKT4cQ8nv.2","action":"GetUpdates", "result":"DeleteReceived", "context":{"id":"c57b950d-15df-42f4-b9cb-1b2a2d39c514", "isDeleted:":"true", "version":"1721285755333"}}
{"logTime": "0718/065559", "correlationVector":"zD7VG6AXI21d3lKT4cQ8nv.3","action":"GetUpdates Response", "result":"Success", "context":Received 5 update(s). cV=zD7VG6AXI21d3lKT4cQ8nv.0;server=general1100000L;cloudType=Consumer;environment=Prod_WestUS_000v;migrationStage=MigrationComplete}
{"logTime": "0718/065647", "correlationVector":"u1/tcXgzlzqwzo4sGVphNz","action":"Commit Request", "result":"", "context":Item count: 1
Contributing types: Sessions}
{"logTime": "0718/065647", "correlationVector":"u1/tcXgzlzqwzo4sGVphNz.1","action":"SyncServerConnectionManagerRequest", "result":"SYNC_SERVER_OK", "context":{"environment":"Prod_WestUS_000v", "migrationStage":"NotStarted", "server":"GENERAL12000008"}}
{"logTime": "0718/065647", "correlationVector":"u1/tcXgzlzqwzo4sGVphNz.2","action":"Commit Response", "result":"Success", "context":Result: Success. cV=u1/tcXgzlzqwzo4sGVphNz.0;server=GENERAL12000008;cloudType=Consumer;environment=Prod_WestUS_000v;migrationStage=NotStarted}
{"logTime": "0718/065930", "correlationVector":"y2t2pm3KItJNes1Q846yAw","action":"Commit Request", "result":"", "context":Item count: 1
Contributing types: Sessions}
{"logTime": "0718/065930", "correlationVector":"y2t2pm3KItJNes1Q846yAw.1","action":"SyncServerConnectionManagerRequest", "result":"SYNC_SERVER_OK", "context":{"environment":"Prod_WestUS_000v", "migrationStage":"NotStarted", "server":"GENERAL1100000N"}}
{"logTime": "0718/065930", "correlationVector":"y2t2pm3KItJNes1Q846yAw.2","action":"Commit Response", "result":"Success", "context":Result: Success. cV=y2t2pm3KItJNes1Q846yAw.0;server=GENERAL1100000N;cloudType=Consumer;environment=Prod_WestUS_000v;migrationStage=NotStarted}
{"logTime": "0718/070045", "correlationVector":"+i5NybplbR4rhbWgX4WTat","action":"Normal GetUpdate request", "result":"", "context":cV=+i5NybplbR4rhbWgX4WTat
Refresh requested types: Bookmarks, Preferences, Passwords, Autofill Profiles, Autofill, Typed URLs, Extensions, Sessions, Extension settings, History Delete Directives, Device Info, User Consents, Send Tab To Self, Web Apps, Collection, Edge E Drop, Edge Hub App Usage, Edge Tab Group, Edge Wallet, Encryption Keys}
{"logTime": "0718/070045", "correlationVector":"+i5NybplbR4rhbWgX4WTat.1","action":"SyncServerConnectionManagerRequest", "result":"SYNC_SERVER_OK", "context":{"environment":"Prod_WestUS_000v", "migrationStage":"MigrationComplete", "server":"GENERAL11000000"}}
{"logTime": "0718/070045", "correlationVector":"+i5NybplbR4rhbWgX4WTat.2","action":"GetUpdates Response", "result":"Success", "context":Received 2 update(s). cV=+i5NybplbR4rhbWgX4WTat.0;server=GENERAL11000000;cloudType=Consumer;environment=Prod_WestUS_000v;migrationStage=MigrationComplete}
{"logTime": "0718/070447", "correlationVector":"I4bSjxeomyfcV4zazUu+on","action":"Commit Request", "result":"", "context":Item count: 1
Contributing types: Sessions}
{"logTime": "0718/070447", "correlationVector":"I4bSjxeomyfcV4zazUu+on.1","action":"SyncServerConnectionManagerRequest", "result":"SYNC_SERVER_OK", "context":{"environment":"Prod_WestUS_000v", "migrationStage":"NotStarted", "server":"GENERAL11000006"}}
{"logTime": "0718/070447", "correlationVector":"I4bSjxeomyfcV4zazUu+on.2","action":"Commit Response", "result":"Success", "context":Result: Success. cV=I4bSjxeomyfcV4zazUu+on.0;server=GENERAL11000006;cloudType=Consumer;environment=Prod_WestUS_000v;migrationStage=NotStarted}
{"logTime": "0718/070635", "correlationVector":"aj4sWBz5conyliFlyCKpES","action":"Commit Request", "result":"", "context":Item count: 1
Contributing types: Sessions}
{"logTime": "0718/070635", "correlationVector":"aj4sWBz5conyliFlyCKpES.1","action":"SyncServerConnectionManagerRequest", "result":"SYNC_SERVER_OK", "context":{"environment":"Prod_WestUS_000v", "migrationStage":"NotStarted", "server":"general0200003M"}}
{"logTime": "0718/070635", "correlationVector":"aj4sWBz5conyliFlyCKpES.2","action":"Commit Response", "result":"Success", "context":Result: Success. cV=aj4sWBz5conyliFlyCKpES.0;server=general0200003M;cloudType=Consumer;environment=Prod_WestUS_000v;migrationStage=NotStarted}
{"logTime": "0718/070716", "correlationVector":"ff06M28ulZtvmNancIwKoI","action":"Commit Request", "result":"", "context":Item count: 1
Contributing types: Sessions}
{"logTime": "0718/070717", "correlationVector":"ff06M28ulZtvmNancIwKoI.1","action":"SyncServerConnectionManagerRequest", "result":"SYNC_SERVER_OK", "context":{"environment":"Prod_WestUS_000v", "migrationStage":"NotStarted", "server":"general02000014"}}
{"logTime": "0718/070717", "correlationVector":"ff06M28ulZtvmNancIwKoI.2","action":"Commit Response", "result":"Success", "context":Result: Success. cV=ff06M28ulZtvmNancIwKoI.0;server=general02000014;cloudType=Consumer;environment=Prod_WestUS_000v;migrationStage=NotStarted}
{"logTime": "0718/070806", "correlationVector":"tMlA5049l2NUsx/BujGGbn","action":"Commit Request", "result":"", "context":Item count: 1
Contributing types: Sessions}
{"logTime": "0718/070807", "correlationVector":"tMlA5049l2NUsx/BujGGbn.1","action":"SyncServerConnectionManagerRequest", "result":"SYNC_SERVER_OK", "context":{"environment":"Prod_WestUS_000v", "migrationStage":"NotStarted", "server":"GENERAL11000000"}}
{"logTime": "0718/070807", "correlationVector":"tMlA5049l2NUsx/BujGGbn.2","action":"Commit Response", "result":"Success", "context":Result: Success. cV=tMlA5049l2NUsx/BujGGbn.0;server=GENERAL11000000;cloudType=Consumer;environment=Prod_WestUS_000v;migrationStage=NotStarted}
{"logTime": "0718/070921", "correlationVector":"vYqj5gFwuOKD+5FwrxJEQ2","action":"Commit Request", "result":"", "context":Item count: 1
Contributing types: Sessions}
{"logTime": "0718/070921", "correlationVector":"vYqj5gFwuOKD+5FwrxJEQ2.1","action":"SyncServerConnectionManagerRequest", "result":"SYNC_SERVER_OK", "context":{"environment":"Prod_WestUS_000v", "migrationStage":"NotStarted", "server":"general0100000R"}}
{"logTime": "0718/070921", "correlationVector":"vYqj5gFwuOKD+5FwrxJEQ2.2","action":"Commit Response", "result":"Success", "context":Result: Success. cV=vYqj5gFwuOKD+5FwrxJEQ2.0;server=general0100000R;cloudType=Consumer;environment=Prod_WestUS_000v;migrationStage=NotStarted}
{"logTime": "0718/071143", "correlationVector":"4EQPDRh3NuuLmTyFtmfo2Q","action":"Commit Request", "result":"", "context":Item count: 1
Contributing types: Sessions}
{"logTime": "0718/071143", "correlationVector":"4EQPDRh3NuuLmTyFtmfo2Q.1","action":"SyncServerConnectionManagerRequest", "result":"SYNC_SERVER_OK", "context":{"environment":"Prod_WestUS_000v", "migrationStage":"NotStarted", "server":"GENERAL12000009"}}
{"logTime": "0718/071143", "correlationVector":"4EQPDRh3NuuLmTyFtmfo2Q.2","action":"Commit Response", "result":"Success", "context":Result: Success. cV=4EQPDRh3NuuLmTyFtmfo2Q.0;server=GENERAL12000009;cloudType=Consumer;environment=Prod_WestUS_000v;migrationStage=NotStarted}
{"logTime": "0718/071506", "correlationVector":"R7HkiAZhdAl+fCM2y23Tw+","action":"Commit Request", "result":"", "context":Item count: 1
Contributing types: Sessions}
{"logTime": "0718/071507", "correlationVector":"R7HkiAZhdAl+fCM2y23Tw+.1","action":"SyncServerConnectionManagerRequest", "result":"SYNC_SERVER_OK", "context":{"environment":"Prod_WestUS_000v", "migrationStage":"NotStarted", "server":"general0200001R"}}
{"logTime": "0718/071507", "correlationVector":"R7HkiAZhdAl+fCM2y23Tw+.2","action":"Commit Response", "result":"Success", "context":Result: Success. cV=R7HkiAZhdAl+fCM2y23Tw+.0;server=general0200001R;cloudType=Consumer;environment=Prod_WestUS_000v;migrationStage=NotStarted}
{"logTime": "0718/071610", "correlationVector":"C2tGY0gATIn6JzNqpK+LUG","action":"Commit Request", "result":"", "context":Item count: 1
Contributing types: Sessions}
{"logTime": "0718/071611", "correlationVector":"C2tGY0gATIn6JzNqpK+LUG.1","action":"SyncServerConnectionManagerRequest", "result":"SYNC_SERVER_OK", "context":{"environment":"Prod_WestUS_000v", "migrationStage":"NotStarted", "server":"general0200003V"}}
{"logTime": "0718/071611", "correlationVector":"C2tGY0gATIn6JzNqpK+LUG.2","action":"Commit Response", "result":"Success", "context":Result: Success. cV=C2tGY0gATIn6JzNqpK+LUG.0;server=general0200003V;cloudType=Consumer;environment=Prod_WestUS_000v;migrationStage=NotStarted}
{"logTime": "0718/071742", "correlationVector":"lNAQuLLA3c/CoqHJdtO9Ri","action":"Commit Request", "result":"", "context":Item count: 1
Contributing types: Sessions}
{"logTime": "0718/071742", "correlationVector":"lNAQuLLA3c/CoqHJdtO9Ri.1","action":"SyncServerConnectionManagerRequest", "result":"SYNC_SERVER_OK", "context":{"environment":"Prod_WestUS_000v", "migrationStage":"NotStarted", "server":"general0200003E"}}
{"logTime": "0718/071742", "correlationVector":"lNAQuLLA3c/CoqHJdtO9Ri.2","action":"Commit Response", "result":"Success", "context":Result: Success. cV=lNAQuLLA3c/CoqHJdtO9Ri.0;server=general0200003E;cloudType=Consumer;environment=Prod_WestUS_000v;migrationStage=NotStarted}
{"logTime": "0718/071827", "correlationVector":"PNdmuii6TGSC8wIpA7t5Gf","action":"Commit Request", "result":"", "context":Item count: 1
Contributing types: Sessions}
{"logTime": "0718/071827", "correlationVector":"PNdmuii6TGSC8wIpA7t5Gf.1","action":"SyncServerConnectionManagerRequest", "result":"SYNC_SERVER_OK", "context":{"environment":"Prod_WestUS_000v", "migrationStage":"NotStarted", "server":"general0100000Z"}}
{"logTime": "0718/071827", "correlationVector":"PNdmuii6TGSC8wIpA7t5Gf.2","action":"Commit Response", "result":"Success", "context":Result: Success. cV=PNdmuii6TGSC8wIpA7t5Gf.0;server=general0100000Z;cloudType=Consumer;environment=Prod_WestUS_000v;migrationStage=NotStarted}
{"logTime": "0718/072002", "correlationVector":"0Z+eVeN8uSBFmWsuVYzgRZ","action":"Commit Request", "result":"", "context":Item count: 1
Contributing types: Sessions}
{"logTime": "0718/072003", "correlationVector":"0Z+eVeN8uSBFmWsuVYzgRZ.1","action":"SyncServerConnectionManagerRequest", "result":"SYNC_SERVER_OK", "context":{"environment":"Prod_WestUS_000v", "migrationStage":"NotStarted", "server":"GENERAL12000001"}}
{"logTime": "0718/072003", "correlationVector":"0Z+eVeN8uSBFmWsuVYzgRZ.2","action":"Commit Response", "result":"Success", "context":Result: Success. cV=0Z+eVeN8uSBFmWsuVYzgRZ.0;server=GENERAL12000001;cloudType=Consumer;environment=Prod_WestUS_000v;migrationStage=NotStarted}
{"logTime": "0718/072052", "correlationVector":"2xd+UdbNA2/bkpSlCHLBnk","action":"Commit Request", "result":"", "context":Item count: 1
Contributing types: Sessions}
{"logTime": "0718/072052", "correlationVector":"2xd+UdbNA2/bkpSlCHLBnk.1","action":"SyncServerConnectionManagerRequest", "result":"SYNC_SERVER_OK", "context":{"environment":"Prod_WestUS_000v", "migrationStage":"NotStarted", "server":"general12000003"}}
{"logTime": "0718/072052", "correlationVector":"2xd+UdbNA2/bkpSlCHLBnk.2","action":"Commit Response", "result":"Success", "context":Result: Success. cV=2xd+UdbNA2/bkpSlCHLBnk.0;server=general12000003;cloudType=Consumer;environment=Prod_WestUS_000v;migrationStage=NotStarted}
{"logTime": "0718/072131", "correlationVector":"SsTyCh46beKmqtCJFdzvuT","action":"Commit Request", "result":"", "context":Item count: 1
Contributing types: Sessions}
{"logTime": "0718/072131", "correlationVector":"SsTyCh46beKmqtCJFdzvuT.1","action":"SyncServerConnectionManagerRequest", "result":"SYNC_SERVER_OK", "context":{"environment":"Prod_WestUS_000v", "migrationStage":"NotStarted", "server":"general01000018"}}
{"logTime": "0718/072131", "correlationVector":"SsTyCh46beKmqtCJFdzvuT.2","action":"Commit Response", "result":"Success", "context":Result: Success. cV=SsTyCh46beKmqtCJFdzvuT.0;server=general01000018;cloudType=Consumer;environment=Prod_WestUS_000v;migrationStage=NotStarted}
{"logTime": "0718/072220", "correlationVector":"EMcNEhqLquo/1lHMCaGguP","action":"Commit Request", "result":"", "context":Item count: 1
Contributing types: Sessions}
{"logTime": "0718/072220", "correlationVector":"EMcNEhqLquo/1lHMCaGguP.1","action":"SyncServerConnectionManagerRequest", "result":"SYNC_SERVER_OK", "context":{"environment":"Prod_WestUS_000v", "migrationStage":"NotStarted", "server":"GENERAL0100000L"}}
{"logTime": "0718/072221", "correlationVector":"EMcNEhqLquo/1lHMCaGguP.2","action":"Commit Response", "result":"Success", "context":Result: Success. cV=EMcNEhqLquo/1lHMCaGguP.0;server=GENERAL0100000L;cloudType=Consumer;environment=Prod_WestUS_000v;migrationStage=NotStarted}
{"logTime": "0718/072306", "correlationVector":"dOaVY8arvlTPjKWJeh3adX","action":"Commit Request", "result":"", "context":Item count: 1
Contributing types: Sessions}
{"logTime": "0718/072306", "correlationVector":"dOaVY8arvlTPjKWJeh3adX.1","action":"SyncServerConnectionManagerRequest", "result":"SYNC_SERVER_OK", "context":{"environment":"Prod_WestUS_000v", "migrationStage":"NotStarted", "server":"GENERAL11000008"}}
{"logTime": "0718/072306", "correlationVector":"dOaVY8arvlTPjKWJeh3adX.2","action":"Commit Response", "result":"Success", "context":Result: Success. cV=dOaVY8arvlTPjKWJeh3adX.0;server=GENERAL11000008;cloudType=Consumer;environment=Prod_WestUS_000v;migrationStage=NotStarted}
{"logTime": "0718/072342", "correlationVector":"MWHrRyNVmQ/by3EyYM61Si","action":"Commit Request", "result":"", "context":Item count: 1
Contributing types: Sessions}
{"logTime": "0718/072343", "correlationVector":"MWHrRyNVmQ/by3EyYM61Si.1","action":"SyncServerConnectionManagerRequest", "result":"SYNC_SERVER_OK", "context":{"environment":"Prod_WestUS_000v", "migrationStage":"NotStarted", "server":"GENERAL01000007"}}
{"logTime": "0718/072343", "correlationVector":"MWHrRyNVmQ/by3EyYM61Si.2","action":"Commit Response", "result":"Success", "context":Result: Success. cV=MWHrRyNVmQ/by3EyYM61Si.0;server=GENERAL01000007;cloudType=Consumer;environment=Prod_WestUS_000v;migrationStage=NotStarted}
{"logTime": "0718/072945", "correlationVector":"BIFRQAlWrbXMvi7/uxsWsf.1","action":"SyncServerConnectionManagerRequest", "result":"SYNC_SERVER_OK", "context":{"environment":"Prod_WestUS_000v", "migrationStage":"MigrationComplete", "server":"general0100000O"}}
{"logTime": "0718/072945", "correlationVector":"WKBY5VpwwDobj1pamoGx0P","action":"SyncServerConnectionManagerRequest", "result":"SYNC_SERVER_OK", "context":{"environment":"", "migrationStage":"", "server":""}}
{"logTime": "0718/072945", "correlationVector":"BIFRQAlWrbXMvi7/uxsWsf","action":"Initial GetUpdates", "result":"", "context":Reason: NEW_CLIENT. cV=BIFRQAlWrbXMvi7/uxsWsf}
{"logTime": "0718/072945", "correlationVector":"BIFRQAlWrbXMvi7/uxsWsf.2","action":"GetUpdates Response", "result":"Success", "context":Received 1 update(s). cV=BIFRQAlWrbXMvi7/uxsWsf.0;server=general0100000O;cloudType=Consumer;environment=Prod_WestUS_000v;migrationStage=MigrationComplete}
{"logTime": "0718/072945", "correlationVector":"DtuhiV6rYrhpwopySDFBxg","action":"Initial GetUpdates", "result":"", "context":Reason: NEWLY_SUPPORTED_DATATYPE. cV=DtuhiV6rYrhpwopySDFBxg}
{"logTime": "0718/072945", "correlationVector":"DtuhiV6rYrhpwopySDFBxg.1","action":"SyncServerConnectionManagerRequest", "result":"SYNC_SERVER_OK", "context":{"environment":"Prod_WestUS_000v", "migrationStage":"MigrationComplete", "server":"general1100000K"}}
{"logTime": "0718/072945", "correlationVector":"DtuhiV6rYrhpwopySDFBxg.2","action":"GetUpdates", "result":"DeleteReceived", "context":{"id":"15f7f888-9771-4636-8283-f42d252f58ca", "isDeleted:":"true", "version":"1699513713926"}}
{"logTime": "0718/072945", "correlationVector":"DtuhiV6rYrhpwopySDFBxg.3","action":"GetUpdates", "result":"DeleteReceived", "context":{"id":"d1f0cfc5-c59d-438b-a339-5cfd379fddc4", "isDeleted:":"true", "version":"1699513735646"}}
{"logTime": "0718/072945", "correlationVector":"DtuhiV6rYrhpwopySDFBxg.4","action":"GetUpdates", "result":"DeleteReceived", "context":{"id":"06185672-9243-4833-b86d-9dcad8cbabec", "isDeleted:":"true", "version":"1702263067812"}}
{"logTime": "0718/072945", "correlationVector":"DtuhiV6rYrhpwopySDFBxg.5","action":"GetUpdates", "result":"DeleteReceived", "context":{"id":"d9048d9a-eec4-4817-951f-ca7101a150eb", "isDeleted:":"true", "version":"1702263081507"}}
{"logTime": "0718/072945", "correlationVector":"DtuhiV6rYrhpwopySDFBxg.6","action":"GetUpdates", "result":"DeleteReceived", "context":{"id":"263d230a-4bd0-443d-98d8-92819200ddb1", "isDeleted:":"true", "version":"1702263101937"}}
{"logTime": "0718/072945", "correlationVector":"DtuhiV6rYrhpwopySDFBxg.7","action":"GetUpdates", "result":"DeleteReceived", "context":{"id":"f22d98ca-f2f8-40a3-a811-79449dc7d5ae", "isDeleted:":"true", "version":"1711395981384"}}
{"logTime": "0718/072945", "correlationVector":"DtuhiV6rYrhpwopySDFBxg.8","action":"GetUpdates", "result":"DeleteReceived", "context":{"id":"a06cf613-eaa4-4fad-a754-f6b263388f8b", "isDeleted:":"true", "version":"1719631480754"}}
{"logTime": "0718/072945", "correlationVector":"DtuhiV6rYrhpwopySDFBxg.9","action":"GetUpdates Response", "result":"Success", "context":Received 251 update(s). cV=DtuhiV6rYrhpwopySDFBxg.0;server=general1100000K;cloudType=Consumer;environment=Prod_WestUS_000v;migrationStage=MigrationComplete Some updates remain.}
{"logTime": "0718/072945", "correlationVector":"5oYTVBvqFmlyxpHUAitGhd","action":"Initial GetUpdates", "result":"", "context":Reason: NEWLY_SUPPORTED_DATATYPE. cV=5oYTVBvqFmlyxpHUAitGhd}
{"logTime": "0718/072945", "correlationVector":"5oYTVBvqFmlyxpHUAitGhd.1","action":"SyncServerConnectionManagerRequest", "result":"SYNC_SERVER_OK", "context":{"environment":"Prod_WestUS_000v", "migrationStage":"MigrationComplete", "server":"GENERAL0100000L"}}
{"logTime": "0718/072945", "correlationVector":"5oYTVBvqFmlyxpHUAitGhd.2","action":"GetUpdates Response", "result":"Success", "context":Received 4 update(s). cV=5oYTVBvqFmlyxpHUAitGhd.0;server=GENERAL0100000L;cloudType=Consumer;environment=Prod_WestUS_000v;migrationStage=MigrationComplete}
{"logTime": "0718/072945", "correlationVector":"1IPDrH7dKkV05h6v/TPV0N","action":"Normal GetUpdate request", "result":"", "context":cV=1IPDrH7dKkV05h6v/TPV0N
Nudged types: Sessions
Refresh requested types: Bookmarks, Preferences, Passwords, Autofill Profiles, Autofill, Typed URLs, Extensions, Sessions, Extension settings, History Delete Directives, Device Info, User Consents, Send Tab To Self, Web Apps, Collection, Edge E Drop, Edge Hub App Usage, Edge Tab Group, Edge Wallet, Encryption Keys}
{"logTime": "0718/072945", "correlationVector":"1IPDrH7dKkV05h6v/TPV0N.1","action":"SyncServerConnectionManagerRequest", "result":"SYNC_SERVER_OK", "context":{"environment":"Prod_WestUS_000v", "migrationStage":"MigrationComplete", "server":"general01000010"}}
{"logTime": "0718/072945", "correlationVector":"1IPDrH7dKkV05h6v/TPV0N.2","action":"GetUpdates Response", "result":"Success", "context":Received 4 update(s). cV=1IPDrH7dKkV05h6v/TPV0N.0;server=general01000010;cloudType=Consumer;environment=Prod_WestUS_000v;migrationStage=MigrationComplete}
{"logTime": "0718/072945", "correlationVector":"zK0FZjEpKg4VDqOgs6BZOg","action":"Commit Request", "result":"", "context":Item count: 3
Contributing types: Sessions}
{"logTime": "0718/072945", "correlationVector":"zK0FZjEpKg4VDqOgs6BZOg.1","action":"SyncServerConnectionManagerRequest", "result":"SYNC_SERVER_OK", "context":{"environment":"Prod_WestUS_000v", "migrationStage":"NotStarted", "server":"GENERAL01000019"}}
{"logTime": "0718/072945", "correlationVector":"zK0FZjEpKg4VDqOgs6BZOg.3","action":"Commit.Sessions", "result":"Success", "context":{"id":"1f72c563-cc9b-4313-bc07-f761eeae187d", "isDeleted":"true", "size":"0", "version":"1721287422189"}}
{"logTime": "0718/072945", "correlationVector":"zK0FZjEpKg4VDqOgs6BZOg.2","action":"Commit Response", "result":"Success", "context":Result: Success. cV=zK0FZjEpKg4VDqOgs6BZOg.0;server=GENERAL01000019;cloudType=Consumer;environment=Prod_WestUS_000v;migrationStage=NotStarted}
{"logTime": "0718/072945", "correlationVector":"+0fuM9zPlQrxcPV/HFhVKL","action":"Normal GetUpdate request", "result":"", "context":cV=+0fuM9zPlQrxcPV/HFhVKL
Nudged types: Preferences, Passwords, Sessions}
{"logTime": "0718/072945", "correlationVector":"+0fuM9zPlQrxcPV/HFhVKL.1","action":"SyncServerConnectionManagerRequest", "result":"SYNC_SERVER_OK", "context":{"environment":"Prod_WestUS_000v", "migrationStage":"MigrationComplete", "server":"GENERAL11000008"}}
{"logTime": "0718/072945", "correlationVector":"+0fuM9zPlQrxcPV/HFhVKL.2","action":"GetUpdates", "result":"DeleteReceived", "context":{"id":"1f72c563-cc9b-4313-bc07-f761eeae187d", "isDeleted:":"true", "version":"1721287731275"}}
{"logTime": "0718/072945", "correlationVector":"+0fuM9zPlQrxcPV/HFhVKL.3","action":"GetUpdates Response", "result":"Success", "context":Received 3 update(s). cV=+0fuM9zPlQrxcPV/HFhVKL.0;server=GENERAL11000008;cloudType=Consumer;environment=Prod_WestUS_000v;migrationStage=MigrationComplete}
{"logTime": "0718/072945", "correlationVector":"tk6BcevnDxYe5QBvrIc6Nq","action":"Commit Request", "result":"", "context":Item count: 3
Contributing types: Preferences, Passwords}
{"logTime": "0718/072945", "correlationVector":"tk6BcevnDxYe5QBvrIc6Nq.1","action":"SyncServerConnectionManagerRequest", "result":"SYNC_SERVER_OK", "context":{"environment":"Prod_WestUS_000v", "migrationStage":"MigrationComplete", "server":"general0100000M"}}
{"logTime": "0718/072945", "correlationVector":"tk6BcevnDxYe5QBvrIc6Nq.2","action":"Commit Response", "result":"Success", "context":Result: Success. cV=tk6BcevnDxYe5QBvrIc6Nq.0;server=general0100000M;cloudType=Consumer;environment=Prod_WestUS_000v;migrationStage=MigrationComplete}
{"logTime": "0718/072945", "correlationVector":"V0jusi9mAnnJI272jz7Qp7","action":"Commit Request", "result":"", "context":Item count: 1
Contributing types: Sessions}
{"logTime": "0718/072945", "correlationVector":"V0jusi9mAnnJI272jz7Qp7.1","action":"SyncServerConnectionManagerRequest", "result":"SYNC_SERVER_OK", "context":{"environment":"Prod_WestUS_000v", "migrationStage":"NotStarted", "server":"general02000047"}}
{"logTime": "0718/072945", "correlationVector":"V0jusi9mAnnJI272jz7Qp7.2","action":"Commit Response", "result":"Success", "context":Result: Success. cV=V0jusi9mAnnJI272jz7Qp7.0;server=general02000047;cloudType=Consumer;environment=Prod_WestUS_000v;migrationStage=NotStarted}
{"logTime": "0718/072946", "correlationVector":"KoTpt4/GFzBghqM/RVh8PO","action":"Commit Request", "result":"", "context":Item count: 3
Contributing types: Passwords}
{"logTime": "0718/072947", "correlationVector":"KoTpt4/GFzBghqM/RVh8PO.1","action":"SyncServerConnectionManagerRequest", "result":"SYNC_SERVER_OK", "context":{"environment":"Prod_WestUS_000v", "migrationStage":"MigrationComplete", "server":"general0100000M"}}
{"logTime": "0718/072947", "correlationVector":"KoTpt4/GFzBghqM/RVh8PO.2","action":"Commit Response", "result":"Success", "context":Result: Success. cV=KoTpt4/GFzBghqM/RVh8PO.0;server=general0100000M;cloudType=Consumer;environment=Prod_WestUS_000v;migrationStage=MigrationComplete}
{"logTime": "0718/072947", "correlationVector":"3bwXrSy9YAKx5SgP5qkJee","action":"Commit Request", "result":"", "context":Item count: 2
Contributing types: Preferences, Passwords}
{"logTime": "0718/072948", "correlationVector":"3bwXrSy9YAKx5SgP5qkJee.1","action":"SyncServerConnectionManagerRequest", "result":"SYNC_SERVER_OK", "context":{"environment":"Prod_WestUS_000v", "migrationStage":"MigrationComplete", "server":"general0200001C"}}
{"logTime": "0718/072948", "correlationVector":"3bwXrSy9YAKx5SgP5qkJee.2","action":"Commit Response", "result":"Success", "context":Result: Success. cV=3bwXrSy9YAKx5SgP5qkJee.0;server=general0200001C;cloudType=Consumer;environment=Prod_WestUS_000v;migrationStage=MigrationComplete}
{"logTime": "0718/073132", "correlationVector":"brN/YdLytLoI6yb2DRGbKd","action":"Commit Request", "result":"", "context":Item count: 1
Contributing types: Sessions}
{"logTime": "0718/073132", "correlationVector":"brN/YdLytLoI6yb2DRGbKd.1","action":"SyncServerConnectionManagerRequest", "result":"SYNC_SERVER_OK", "context":{"environment":"Prod_WestUS_000v", "migrationStage":"NotStarted", "server":"GENERAL11000006"}}
{"logTime": "0718/073132", "correlationVector":"brN/YdLytLoI6yb2DRGbKd.2","action":"Commit Response", "result":"Success", "context":Result: Success. cV=brN/YdLytLoI6yb2DRGbKd.0;server=GENERAL11000006;cloudType=Consumer;environment=Prod_WestUS_000v;migrationStage=NotStarted}
{"logTime": "0718/073218", "correlationVector":"wwm7NnfBRnzqMbP03idT1S","action":"Commit Request", "result":"", "context":Item count: 1
Contributing types: Sessions}
{"logTime": "0718/073218", "correlationVector":"wwm7NnfBRnzqMbP03idT1S.1","action":"SyncServerConnectionManagerRequest", "result":"SYNC_SERVER_OK", "context":{"environment":"Prod_WestUS_000v", "migrationStage":"NotStarted", "server":"general0200003E"}}
{"logTime": "0718/073218", "correlationVector":"wwm7NnfBRnzqMbP03idT1S.2","action":"Commit Response", "result":"Success", "context":Result: Success. cV=wwm7NnfBRnzqMbP03idT1S.0;server=general0200003E;cloudType=Consumer;environment=Prod_WestUS_000v;migrationStage=NotStarted}
{"logTime": "0718/073304", "correlationVector":"Ad6AYvX/Y40Usref5oCJa7","action":"Commit Request", "result":"", "context":Item count: 1
Contributing types: Sessions}
{"logTime": "0718/073305", "correlationVector":"Ad6AYvX/Y40Usref5oCJa7.1","action":"SyncServerConnectionManagerRequest", "result":"SYNC_SERVER_OK", "context":{"environment":"Prod_WestUS_000v", "migrationStage":"NotStarted", "server":"GENERAL1100000N"}}
{"logTime": "0718/073305", "correlationVector":"Ad6AYvX/Y40Usref5oCJa7.2","action":"Commit Response", "result":"Success", "context":Result: Success. cV=Ad6AYvX/Y40Usref5oCJa7.0;server=GENERAL1100000N;cloudType=Consumer;environment=Prod_WestUS_000v;migrationStage=NotStarted}
{"logTime": "0718/073345", "correlationVector":"lMRVUN/SN9H7I5Ioil61Tn","action":"Normal GetUpdate request", "result":"", "context":cV=lMRVUN/SN9H7I5Ioil61Tn
Refresh requested types: Bookmarks, Preferences, Passwords, Autofill Profiles, Autofill, Typed URLs, Extensions, Sessions, Extension settings, History Delete Directives, Device Info, User Consents, Send Tab To Self, Web Apps, Collection, Edge E Drop, Edge Hub App Usage, Edge Tab Group, Edge Wallet, Encryption Keys}
{"logTime": "0718/073346", "correlationVector":"lMRVUN/SN9H7I5Ioil61Tn.1","action":"SyncServerConnectionManagerRequest", "result":"SYNC_SERVER_OK", "context":{"environment":"Prod_WestUS_000v", "migrationStage":"MigrationComplete", "server":"GENERAL01000019"}}
{"logTime": "0718/073346", "correlationVector":"lMRVUN/SN9H7I5Ioil61Tn.2","action":"GetUpdates Response", "result":"Success", "context":Received 8 update(s). cV=lMRVUN/SN9H7I5Ioil61Tn.0;server=GENERAL01000019;cloudType=Consumer;environment=Prod_WestUS_000v;migrationStage=MigrationComplete}
{"logTime": "0718/073418", "correlationVector":"Ov9zDyzuqgxsGpnfYGQFun","action":"Commit Request", "result":"", "context":Item count: 1
Contributing types: Sessions}
{"logTime": "0718/073418", "correlationVector":"Ov9zDyzuqgxsGpnfYGQFun.1","action":"SyncServerConnectionManagerRequest", "result":"SYNC_SERVER_OK", "context":{"environment":"Prod_WestUS_000v", "migrationStage":"NotStarted", "server":"GENERAL01000007"}}
{"logTime": "0718/073418", "correlationVector":"Ov9zDyzuqgxsGpnfYGQFun.2","action":"Commit Response", "result":"Success", "context":Result: Success. cV=Ov9zDyzuqgxsGpnfYGQFun.0;server=GENERAL01000007;cloudType=Consumer;environment=Prod_WestUS_000v;migrationStage=NotStarted}
{"logTime": "0718/073516", "correlationVector":"PZSgXOlwxBr474nrkHlH1D","action":"Commit Request", "result":"", "context":Item count: 1
Contributing types: Sessions}
{"logTime": "0718/073516", "correlationVector":"PZSgXOlwxBr474nrkHlH1D.1","action":"SyncServerConnectionManagerRequest", "result":"SYNC_SERVER_OK", "context":{"environment":"Prod_WestUS_000v", "migrationStage":"NotStarted", "server":"general0100000W"}}
{"logTime": "0718/073516", "correlationVector":"PZSgXOlwxBr474nrkHlH1D.2","action":"Commit Response", "result":"Success", "context":Result: Success. cV=PZSgXOlwxBr474nrkHlH1D.0;server=general0100000W;cloudType=Consumer;environment=Prod_WestUS_000v;migrationStage=NotStarted}
{"logTime": "0718/073548", "correlationVector":"BdM2jLxSmu2ruxo+0Usw5V","action":"Commit Request", "result":"", "context":Item count: 1
Contributing types: Sessions}
{"logTime": "0718/073550", "correlationVector":"BdM2jLxSmu2ruxo+0Usw5V.1","action":"SyncServerConnectionManagerRequest", "result":"SYNC_SERVER_OK", "context":{"environment":"Prod_WestUS_000v", "migrationStage":"NotStarted", "server":"general0100000U"}}
{"logTime": "0718/073550", "correlationVector":"BdM2jLxSmu2ruxo+0Usw5V.2","action":"Commit Response", "result":"Success", "context":Result: Success. cV=BdM2jLxSmu2ruxo+0Usw5V.0;server=general0100000U;cloudType=Consumer;environment=Prod_WestUS_000v;migrationStage=NotStarted}
{"logTime": "0718/073730", "correlationVector":"c8sipTy5eq/gkqFGNzcuxi","action":"Commit Request", "result":"", "context":Item count: 1
Contributing types: Sessions}
{"logTime": "0718/073731", "correlationVector":"c8sipTy5eq/gkqFGNzcuxi.1","action":"SyncServerConnectionManagerRequest", "result":"SYNC_SERVER_OK", "context":{"environment":"Prod_WestUS_000v", "migrationStage":"NotStarted", "server":"GENERAL11000006"}}
{"logTime": "0718/073731", "correlationVector":"c8sipTy5eq/gkqFGNzcuxi.2","action":"Commit Response", "result":"Success", "context":Result: Success. cV=c8sipTy5eq/gkqFGNzcuxi.0;server=GENERAL11000006;cloudType=Consumer;environment=Prod_WestUS_000v;migrationStage=NotStarted}
{"logTime": "0718/073859", "correlationVector":"gOf8K+q1SPWw0S2kLbq/rq","action":"Commit Request", "result":"", "context":Item count: 1
Contributing types: Sessions}
{"logTime": "0718/073900", "correlationVector":"gOf8K+q1SPWw0S2kLbq/rq.1","action":"SyncServerConnectionManagerRequest", "result":"SYNC_SERVER_OK", "context":{"environment":"Prod_WestUS_000v", "migrationStage":"NotStarted", "server":"GENERAL12000000"}}
{"logTime": "0718/073900", "correlationVector":"gOf8K+q1SPWw0S2kLbq/rq.2","action":"Commit Response", "result":"Success", "context":Result: Success. cV=gOf8K+q1SPWw0S2kLbq/rq.0;server=GENERAL12000000;cloudType=Consumer;environment=Prod_WestUS_000v;migrationStage=NotStarted}
{"logTime": "0718/074020", "correlationVector":"+JOLwoi+oSqGeSIoVDWeiy","action":"Commit Request", "result":"", "context":Item count: 1
Contributing types: Sessions}
{"logTime": "0718/074020", "correlationVector":"+JOLwoi+oSqGeSIoVDWeiy.1","action":"SyncServerConnectionManagerRequest", "result":"SYNC_SERVER_OK", "context":{"environment":"Prod_WestUS_000v", "migrationStage":"NotStarted", "server":"GENERAL11000009"}}
{"logTime": "0718/074020", "correlationVector":"+JOLwoi+oSqGeSIoVDWeiy.2","action":"Commit Response", "result":"Success", "context":Result: Success. cV=+JOLwoi+oSqGeSIoVDWeiy.0;server=GENERAL11000009;cloudType=Consumer;environment=Prod_WestUS_000v;migrationStage=NotStarted}
{"logTime": "0718/074246", "correlationVector":"2i9xronsAtVVPdx11CHy5V","action":"Commit Request", "result":"", "context":Item count: 1
Contributing types: Sessions}
{"logTime": "0718/074246", "correlationVector":"2i9xronsAtVVPdx11CHy5V.1","action":"SyncServerConnectionManagerRequest", "result":"SYNC_SERVER_OK", "context":{"environment":"Prod_WestUS_000v", "migrationStage":"NotStarted", "server":"general0100001A"}}
{"logTime": "0718/074246", "correlationVector":"2i9xronsAtVVPdx11CHy5V.2","action":"Commit Response", "result":"Success", "context":Result: Success. cV=2i9xronsAtVVPdx11CHy5V.0;server=general0100001A;cloudType=Consumer;environment=Prod_WestUS_000v;migrationStage=NotStarted}
{"logTime": "0718/074420", "correlationVector":"Y4ybxC+P07xctQDX2CWEFO","action":"Commit Request", "result":"", "context":Item count: 1
Contributing types: Sessions}
{"logTime": "0718/074420", "correlationVector":"Y4ybxC+P07xctQDX2CWEFO.1","action":"SyncServerConnectionManagerRequest", "result":"SYNC_SERVER_OK", "context":{"environment":"Prod_WestUS_000v", "migrationStage":"NotStarted", "server":"general01000018"}}
{"logTime": "0718/074420", "correlationVector":"Y4ybxC+P07xctQDX2CWEFO.2","action":"Commit Response", "result":"Success", "context":Result: Success. cV=Y4ybxC+P07xctQDX2CWEFO.0;server=general01000018;cloudType=Consumer;environment=Prod_WestUS_000v;migrationStage=NotStarted}
{"logTime": "0718/074506", "correlationVector":"5nQjYt4Y/2+DiJfgWd1DDP","action":"Commit Request", "result":"", "context":Item count: 1
Contributing types: Sessions}
{"logTime": "0718/074506", "correlationVector":"5nQjYt4Y/2+DiJfgWd1DDP.1","action":"SyncServerConnectionManagerRequest", "result":"SYNC_SERVER_OK", "context":{"environment":"Prod_WestUS_000v", "migrationStage":"NotStarted", "server":"general0100000W"}}
{"logTime": "0718/074506", "correlationVector":"5nQjYt4Y/2+DiJfgWd1DDP.2","action":"Commit Response", "result":"Success", "context":Result: Success. cV=5nQjYt4Y/2+DiJfgWd1DDP.0;server=general0100000W;cloudType=Consumer;environment=Prod_WestUS_000v;migrationStage=NotStarted}
{"logTime": "0718/074538", "correlationVector":"5S/RpruTDY7cQ88OQJdbKy","action":"Commit Request", "result":"", "context":Item count: 1
Contributing types: Sessions}
{"logTime": "0718/074538", "correlationVector":"5S/RpruTDY7cQ88OQJdbKy.1","action":"SyncServerConnectionManagerRequest", "result":"SYNC_SERVER_OK", "context":{"environment":"Prod_WestUS_000v", "migrationStage":"NotStarted", "server":"general0100000R"}}
{"logTime": "0718/074538", "correlationVector":"5S/RpruTDY7cQ88OQJdbKy.2","action":"Commit Response", "result":"Success", "context":Result: Success. cV=5S/RpruTDY7cQ88OQJdbKy.0;server=general0100000R;cloudType=Consumer;environment=Prod_WestUS_000v;migrationStage=NotStarted}
{"logTime": "0718/074655", "correlationVector":"0CuH3HAZQ5YdFz3l3DylEJ","action":"Commit Request", "result":"", "context":Item count: 1
Contributing types: Sessions}
{"logTime": "0718/074656", "correlationVector":"0CuH3HAZQ5YdFz3l3DylEJ.1","action":"SyncServerConnectionManagerRequest", "result":"SYNC_SERVER_OK", "context":{"environment":"Prod_WestUS_000v", "migrationStage":"NotStarted", "server":"general0100001A"}}
{"logTime": "0718/074656", "correlationVector":"0CuH3HAZQ5YdFz3l3DylEJ.2","action":"Commit Response", "result":"Success", "context":Result: Success. cV=0CuH3HAZQ5YdFz3l3DylEJ.0;server=general0100001A;cloudType=Consumer;environment=Prod_WestUS_000v;migrationStage=NotStarted}
{"logTime": "0718/074757", "correlationVector":"DNmdINLTgtFuhtZaNojq9a","action":"Commit Request", "result":"", "context":Item count: 1
Contributing types: Sessions}
{"logTime": "0718/074757", "correlationVector":"DNmdINLTgtFuhtZaNojq9a.1","action":"SyncServerConnectionManagerRequest", "result":"SYNC_SERVER_OK", "context":{"environment":"Prod_WestUS_000v", "migrationStage":"NotStarted", "server":"general1100000L"}}
{"logTime": "0718/074757", "correlationVector":"DNmdINLTgtFuhtZaNojq9a.2","action":"Commit Response", "result":"Success", "context":Result: Success. cV=DNmdINLTgtFuhtZaNojq9a.0;server=general1100000L;cloudType=Consumer;environment=Prod_WestUS_000v;migrationStage=NotStarted}
{"logTime": "0718/074845", "correlationVector":"VdSQvRRM1yWNNhqtm59YC2","action":"Commit Request", "result":"", "context":Item count: 1
Contributing types: Sessions}
{"logTime": "0718/074846", "correlationVector":"VdSQvRRM1yWNNhqtm59YC2.1","action":"SyncServerConnectionManagerRequest", "result":"SYNC_SERVER_OK", "context":{"environment":"Prod_WestUS_000v", "migrationStage":"NotStarted", "server":"general0100000R"}}
{"logTime": "0718/074846", "correlationVector":"VdSQvRRM1yWNNhqtm59YC2.2","action":"Commit Response", "result":"Success", "context":Result: Success. cV=VdSQvRRM1yWNNhqtm59YC2.0;server=general0100000R;cloudType=Consumer;environment=Prod_WestUS_000v;migrationStage=NotStarted}
{"logTime": "0718/075137", "correlationVector":"SUgF3rFRJsdqk9ePb6WDtL","action":"Normal GetUpdate request", "result":"", "context":cV=SUgF3rFRJsdqk9ePb6WDtL
Nudged types: Sessions
Notified types: Preferences}
{"logTime": "0718/075138", "correlationVector":"SUgF3rFRJsdqk9ePb6WDtL.1","action":"SyncServerConnectionManagerRequest", "result":"SYNC_SERVER_OK", "context":{"environment":"Prod_WestUS_000v", "migrationStage":"MigrationComplete", "server":"general02000014"}}
{"logTime": "0718/075138", "correlationVector":"SUgF3rFRJsdqk9ePb6WDtL.2","action":"GetUpdates", "result":"DeleteReceived", "context":{"id":"eb1961b3-fc77-44b0-a13e-deadd5f6a3ed", "isDeleted:":"true", "version":"1721289096161"}}
{"logTime": "0718/075138", "correlationVector":"SUgF3rFRJsdqk9ePb6WDtL.3","action":"GetUpdates Response", "result":"Success", "context":Received 7 update(s). cV=SUgF3rFRJsdqk9ePb6WDtL.0;server=general02000014;cloudType=Consumer;environment=Prod_WestUS_000v;migrationStage=MigrationComplete}
{"logTime": "0718/075138", "correlationVector":"wSWC0+fC7b08Q6wz4zITqH","action":"Commit Request", "result":"", "context":Item count: 1
Contributing types: Sessions}
{"logTime": "0718/075138", "correlationVector":"wSWC0+fC7b08Q6wz4zITqH.1","action":"SyncServerConnectionManagerRequest", "result":"SYNC_SERVER_OK", "context":{"environment":"Prod_WestUS_000v", "migrationStage":"NotStarted", "server":"general1100000L"}}
{"logTime": "0718/075138", "correlationVector":"wSWC0+fC7b08Q6wz4zITqH.2","action":"Commit Response", "result":"Success", "context":Result: Success. cV=wSWC0+fC7b08Q6wz4zITqH.0;server=general1100000L;cloudType=Consumer;environment=Prod_WestUS_000v;migrationStage=NotStarted}
